[01:23:03] [ServerMain/INFO]: [bootstrap] Running Java 21 (OpenJDK 64-Bit Server VM 21.0.7+6-Ubuntu-0ubuntu125.04; Ubuntu null) on Linux 6.14.0-1006-gcp (amd64)
[01:23:03] [ServerMain/INFO]: [bootstrap] Loading Paper 1.21.5-88-main@113b18e (2025-05-20T00:45:12Z) for Minecraft 1.21.5
[01:23:04] [ServerMain/INFO]: [PluginInitializerManager] Initializing plugins...
[01:23:05] [ServerMain/INFO]: [PluginInitializerManager] Initialized 6 plugins
[01:23:05] [ServerMain/INFO]: [PluginInitializerManager] Bukkit plugins (6):
 - CoreProtect (22.4), Geyser-Spigot (2.7.1-SNAPSHOT), Plan (5.6 build 2965), SkinsRestorer (15.6.3), floodgate (2.2.4-SNAPSHOT (b116-0e3163c)), squaremap (1.3.6)
[01:23:12] [ServerMain/INFO]: Environment: Environment[sessionHost=https://sessionserver.mojang.com, servicesHost=https://api.minecraftservices.com, name=PROD]
[01:23:15] [ServerMain/INFO]: Loaded 1373 recipes
[01:23:15] [ServerMain/INFO]: Loaded 1484 advancements
[01:23:15] [Server thread/INFO]: Starting minecraft server version 1.21.5
[01:23:15] [Server thread/INFO]: Loading properties
[01:23:15] [Server thread/INFO]: This server is running Paper version 1.21.5-88-main@113b18e (2025-05-20T00:45:12Z) (Implementing API version 1.21.5-R0.1-SNAPSHOT)
[01:23:15] [Server thread/INFO]: [spark] This server bundles the spark profiler. For more information please visit https://docs.papermc.io/paper/profiling
[01:23:16] [Server thread/INFO]: Server Ping Player Sample Count: 12
[01:23:16] [Server thread/INFO]: Using 4 threads for Netty based IO
[01:23:17] [Server thread/INFO]: [MoonriseCommon] Paper is using 1 worker threads, 1 I/O threads
[01:23:17] [Server thread/INFO]: [ChunkTaskScheduler] Chunk system is using population gen parallelism: true
[01:23:17] [Server thread/INFO]: Default game type: SURVIVAL
[01:23:17] [Server thread/INFO]: Generating keypair
[01:23:17] [Server thread/INFO]: Starting Minecraft server on *:25565
[01:23:17] [Server thread/INFO]: Using epoll channel type
[01:23:17] [Server thread/INFO]: Paper: Using libdeflate (Linux x86_64) compression from Velocity.
[01:23:17] [Server thread/INFO]: Paper: Using OpenSSL 3.x.x (Linux x86_64) cipher from Velocity.
[01:23:18] [Server thread/INFO]: [floodgate] Loading server plugin floodgate v2.2.4-SNAPSHOT (b116-0e3163c)
[01:23:20] [Server thread/WARN]: [floodgate] en_ is not a supported Floodgate language.
[01:23:20] [Server thread/INFO]: [floodgate] Took 1,735ms to boot Floodgate
[01:23:20] [Server thread/INFO]: [CoreProtect] Loading server plugin CoreProtect v22.4
[01:23:20] [Server thread/INFO]: [SkinsRestorer] Loading server plugin SkinsRestorer v15.6.3
[01:23:20] [Server thread/INFO]: [Plan] Loading server plugin Plan v5.6 build 2965
[01:23:20] [Server thread/INFO]: [squaremap] Loading server plugin squaremap v1.3.6
[01:23:20] [Server thread/INFO]: [Geyser-Spigot] Loading server plugin Geyser-Spigot v2.7.1-SNAPSHOT
[01:23:21] [Server thread/INFO]: [Geyser-Spigot] Loading extensions...
[01:23:21] [Server thread/INFO]: [Geyser-Spigot] Loaded 0 extension(s)
[01:23:21] [Server thread/INFO]: Server permissions file permissions.yml is empty, ignoring it
[01:23:21] [Server thread/INFO]: [SkinsRestorer] Enabling SkinsRestorer v15.6.3
[01:23:23] [Server thread/INFO]: [SkinsRestorer] Running on Minecraft 1.21.5.
[01:23:23] [Server thread/INFO]: [SkinsRestorer] Floodgate skin listener registered
[01:23:23] [Server thread/INFO]: [SkinsRestorer] Using paper join listener!
[01:23:24] [Server thread/INFO]: [squaremap] Enabling squaremap v1.3.6
[01:23:24] [Folia Async Scheduler Thread #1/INFO]: [SkinsRestorer] ----------------------------------------------
[01:23:24] [Folia Async Scheduler Thread #1/INFO]: [SkinsRestorer]     +==================+
[01:23:24] [Folia Async Scheduler Thread #1/INFO]: [SkinsRestorer]     |   SkinsRestorer  |
[01:23:24] [Folia Async Scheduler Thread #1/INFO]: [SkinsRestorer]     |------------------|
[01:23:24] [Folia Async Scheduler Thread #1/INFO]: [SkinsRestorer]     |  Standalone Mode |
[01:23:24] [Folia Async Scheduler Thread #1/INFO]: [SkinsRestorer]     +==================+
[01:23:24] [Folia Async Scheduler Thread #1/INFO]: [SkinsRestorer] ----------------------------------------------
[01:23:24] [Folia Async Scheduler Thread #1/INFO]: [SkinsRestorer]     Version: 15.6.3
[01:23:24] [Folia Async Scheduler Thread #1/INFO]: [SkinsRestorer]     Commit: 7eb6dc6
[01:23:24] [Folia Async Scheduler Thread #1/INFO]: [SkinsRestorer]     This is the latest version!
[01:23:24] [Folia Async Scheduler Thread #1/INFO]: [SkinsRestorer] ----------------------------------------------
[01:23:24] [Folia Async Scheduler Thread #1/INFO]: [SkinsRestorer] Do you have issues? Read our troubleshooting guide: https://skinsrestorer.net/docs/troubleshooting
[01:23:24] [Folia Async Scheduler Thread #1/INFO]: [SkinsRestorer] Want to support SkinsRestorer? Consider donating: https://skinsrestorer.net/donate
[01:23:25] [Server thread/INFO]: [io.undertow] starting server: Undertow - 2.3.18.Final
[01:23:25] [Server thread/INFO]: [org.xnio] XNIO version 3.8.16.Final
[01:23:25] [Server thread/INFO]: [org.xnio.nio] XNIO NIO Implementation Version 3.8.16.Final
[01:23:26] [Server thread/INFO]: [org.jboss.threads] JBoss Threads version 3.5.0.Final
[01:23:26] [Server thread/INFO]: [squaremap] Internal webserver running on 0.0.0.0:8085
[01:23:26] [Server thread/WARN]: **** SERVER IS RUNNING IN OFFLINE/INSECURE MODE!
[01:23:26] [Server thread/WARN]: The server will make no attempt to authenticate usernames. Beware.
[01:23:26] [Server thread/WARN]: While this makes the game possible to play without internet access, it also opens up the ability for hackers to connect with any username they choose.
[01:23:26] [Server thread/WARN]: To change this, set "online-mode" to "true" in the server.properties file.
[01:23:26] [Server thread/INFO]: Preparing level "world"
[01:23:26] [Server thread/INFO]: Preparing start region for dimension minecraft:overworld
[01:23:27] [Server thread/INFO]: Preparing spawn area: 0%
[01:23:27] [Server thread/INFO]: Preparing spawn area: 2%
[01:23:28] [Server thread/INFO]: Preparing spawn area: 14%
[01:23:28] [Server thread/INFO]: Preparing spawn area: 16%
[01:23:28] [Server thread/INFO]: Time elapsed: 1577 ms
[01:23:28] [Server thread/INFO]: Preparing start region for dimension minecraft:the_nether
[01:23:28] [Server thread/INFO]: Preparing spawn area: 0%
[01:23:29] [Server thread/INFO]: Preparing spawn area: 18%
[01:23:29] [Server thread/INFO]: Time elapsed: 730 ms
[01:23:29] [Server thread/INFO]: Preparing start region for dimension minecraft:the_end
[01:23:29] [Server thread/INFO]: Preparing spawn area: 0%
[01:23:29] [Server thread/INFO]: Time elapsed: 250 ms
[01:23:29] [Server thread/INFO]: [floodgate] Enabling floodgate v2.2.4-SNAPSHOT (b116-0e3163c)
[01:23:30] [Server thread/INFO]: [CoreProtect] Enabling CoreProtect v22.4
[01:23:30] [Server thread/INFO]: [CoreProtect] CoreProtect has been successfully enabled! 
[01:23:30] [Server thread/INFO]: [CoreProtect] Using SQLite for data storage.
[01:23:30] [Server thread/INFO]: --------------------
[01:23:30] [Server thread/INFO]: [CoreProtect] Enjoy CoreProtect? Join our Discord!
[01:23:30] [Server thread/INFO]: [CoreProtect] Discord: www.coreprotect.net/discord/
[01:23:30] [Server thread/INFO]: --------------------
[01:23:30] [Server thread/INFO]: [Plan] Enabling Plan v5.6 build 2965
[01:23:31] [Server thread/INFO]: [Plan] 
[01:23:31] [Server thread/INFO]: [Plan]            ██▌
[01:23:31] [Server thread/INFO]: [Plan]      ██▌   ██▌
[01:23:31] [Server thread/INFO]: [Plan]   ██▌██▌██▌██▌  Player Analytics
[01:23:31] [Server thread/INFO]: [Plan]   ██▌██▌██▌██▌  v5.6 build 2965
[01:23:31] [Server thread/INFO]: [Plan] 
[01:23:32] [Server thread/INFO]: [Plan] Locale: 'English' by AuroraLS3
[01:23:32] [Server thread/INFO]: [Plan] Downloading SQLite Driver, this may take a while...
[01:23:32] [Plan SQLiteDB-transaction-thread-1/INFO]: [Plan] Database: Making sure schema is up to date..
[01:23:32] [Server thread/INFO]: [Plan] SQLite-database connection established.
[01:23:32] [Plan SQLiteDB-transaction-thread-1/INFO]: [Plan] All database patches applied successfully.
[01:23:32] [Server thread/INFO]: [Plan] WebServer: Certificate KeyStore File not Found: plugins/Plan/Cert.jks
[01:23:32] [Server thread/INFO]: [Plan] WebServer: No Certificate -> Using HTTP-server for Visualization.
[01:23:32] [Server thread/INFO]: [Plan] WebServer: User Authorization Disabled! (Not secure over HTTP)
[01:23:32] [Server thread/INFO]: [Plan] Webserver running on PORT 8804 ( http://localhost:8804 )
[01:23:32] [Server thread/INFO]: [Plan] Loading server identifying information
[01:23:32] [Server thread/INFO]: [Plan] Server identifier loaded: 75f849c5-a0ca-4135-9466-d45e32fe6766
[01:23:32] [Plan Non critical-pool-3/WARN]: [Plan] Downloading GeoLite2 requires accepting GeoLite2 EULA - see 'Data_gathering.Accept_GeoLite2_EULA' in the config.
[01:23:32] [Plan Non critical-pool-3/ERROR]: [Plan] Failed to enable geolocation.
[01:23:32] [Server thread/INFO]: [Plan] Registered extension: Floodgate
[01:23:32] [Server thread/INFO]: [Plan] Player Analytics Enabled.
[01:23:32] [Server thread/INFO]: [Geyser-Spigot] Enabling Geyser-Spigot v2.7.1-SNAPSHOT
[01:23:33] [Server thread/INFO]: [spark] Starting background profiler...
[01:23:33] [Server thread/INFO]: [Geyser-Spigot] ******************************************
[01:23:33] [Server thread/INFO]: [Geyser-Spigot] 
[01:23:33] [Server thread/INFO]: [Geyser-Spigot] Loading Geyser version 2.7.1-b833 (git-master-d0be6d9)
[01:23:33] [Server thread/INFO]: [Geyser-Spigot] 
[01:23:33] [Server thread/INFO]: [Geyser-Spigot] ******************************************
[01:23:40] [Server thread/INFO]: [Geyser-Spigot] Started Geyser on UDP port 19132
[01:23:40] [Server thread/INFO]: [Geyser-Spigot] Done (6.416s)! Run /geyser help for help!
[01:23:40] [Server thread/INFO]: Done preparing level "world" (14.070s)
[01:23:40] [Server thread/INFO]: Running delayed init tasks
[01:23:40] [ForkJoinPool.commonPool-worker-2/INFO]: [squaremap] Fetching version information...
[01:23:40] [Server thread/INFO]: Done (37.992s)! For help, type "help"
[01:23:40] [Craft Scheduler Thread - 3 - Plan/INFO]: [Plan] You're using the latest version.
[01:23:58] [User Authenticator #0/INFO]: UUID of player MiffMoff is 14d3f87c-5d65-399e-a6b1-2a6d857d9fec
[01:23:59] [Server thread/INFO]: MiffMoff joined the game
[01:23:59] [Server thread/INFO]: MiffMoff[/104.28.222.180:43412] logged in with entity id 47 at ([world]717.2213448056945, 70.0, 561.2388069824289)
[01:24:21] [Thread-10/WARN]: java.io.NotSerializableException: org.bukkit.craftbukkit.attribute.CraftAttribute
[01:24:21] [Thread-10/WARN]: 	at java.base/java.io.ObjectOutputStream.writeObject0(ObjectOutputStream.java:1200)
[01:24:21] [Thread-10/WARN]: 	at java.base/java.io.ObjectOutputStream.writeObject(ObjectOutputStream.java:358)
[01:24:21] [Thread-10/WARN]: 	at java.base/java.util.ArrayList.writeObject(ArrayList.java:948)
[01:24:21] [Thread-10/WARN]: 	at java.base/jdk.internal.reflect.DirectMethodHandleAccessor.invoke(DirectMethodHandleAccessor.java:103)
[01:24:21] [Thread-10/WARN]: 	at java.base/java.lang.reflect.Method.invoke(Method.java:580)
[01:24:21] [Thread-10/WARN]: 	at java.base/java.io.ObjectStreamClass.invokeWriteObject(ObjectStreamClass.java:1072)
[01:24:21] [Thread-10/WARN]: 	at java.base/java.io.ObjectOutputStream.writeSerialData(ObjectOutputStream.java:1529)
[01:24:21] [Thread-10/WARN]: 	at java.base/java.io.ObjectOutputStream.writeOrdinaryObject(ObjectOutputStream.java:1451)
[01:24:21] [Thread-10/WARN]: 	at java.base/java.io.ObjectOutputStream.writeObject0(ObjectOutputStream.java:1194)
[01:24:21] [Thread-10/WARN]: 	at java.base/java.io.ObjectOutputStream.writeObject(ObjectOutputStream.java:358)
[01:24:21] [Thread-10/WARN]: 	at java.base/java.util.ArrayList.writeObject(ArrayList.java:948)
[01:24:21] [Thread-10/WARN]: 	at java.base/jdk.internal.reflect.DirectMethodHandleAccessor.invoke(DirectMethodHandleAccessor.java:103)
[01:24:21] [Thread-10/WARN]: 	at java.base/java.lang.reflect.Method.invoke(Method.java:580)
[01:24:21] [Thread-10/WARN]: 	at java.base/java.io.ObjectStreamClass.invokeWriteObject(ObjectStreamClass.java:1072)
[01:24:21] [Thread-10/WARN]: 	at java.base/java.io.ObjectOutputStream.writeSerialData(ObjectOutputStream.java:1529)
[01:24:21] [Thread-10/WARN]: 	at java.base/java.io.ObjectOutputStream.writeOrdinaryObject(ObjectOutputStream.java:1451)
[01:24:21] [Thread-10/WARN]: 	at java.base/java.io.ObjectOutputStream.writeObject0(ObjectOutputStream.java:1194)
[01:24:21] [Thread-10/WARN]: 	at java.base/java.io.ObjectOutputStream.writeObject(ObjectOutputStream.java:358)
[01:24:21] [Thread-10/WARN]: 	at java.base/java.util.ArrayList.writeObject(ArrayList.java:948)
[01:24:21] [Thread-10/WARN]: 	at java.base/jdk.internal.reflect.DirectMethodHandleAccessor.invoke(DirectMethodHandleAccessor.java:103)
[01:24:21] [Thread-10/WARN]: 	at java.base/java.lang.reflect.Method.invoke(Method.java:580)
[01:24:21] [Thread-10/WARN]: 	at java.base/java.io.ObjectStreamClass.invokeWriteObject(ObjectStreamClass.java:1072)
[01:24:21] [Thread-10/WARN]: 	at java.base/java.io.ObjectOutputStream.writeSerialData(ObjectOutputStream.java:1529)
[01:24:21] [Thread-10/WARN]: 	at java.base/java.io.ObjectOutputStream.writeOrdinaryObject(ObjectOutputStream.java:1451)
[01:24:21] [Thread-10/WARN]: 	at java.base/java.io.ObjectOutputStream.writeObject0(ObjectOutputStream.java:1194)
[01:24:21] [Thread-10/WARN]: 	at java.base/java.io.ObjectOutputStream.writeObject(ObjectOutputStream.java:358)
[01:24:21] [Thread-10/WARN]: 	at CoreProtect-22.4.jar//net.coreprotect.database.statement.EntityStatement.insert(EntityStatement.java:27)
[01:24:21] [Thread-10/WARN]: 	at CoreProtect-22.4.jar//net.coreprotect.database.logger.EntityKillLogger.log(EntityKillLogger.java:49)
[01:24:21] [Thread-10/WARN]: 	at CoreProtect-22.4.jar//net.coreprotect.consumer.process.EntityKillProcess.process(EntityKillProcess.java:24)
[01:24:21] [Thread-10/WARN]: 	at CoreProtect-22.4.jar//net.coreprotect.consumer.process.Process.processConsumer(Process.java:205)
[01:24:21] [Thread-10/WARN]: 	at CoreProtect-22.4.jar//net.coreprotect.consumer.Consumer.run(Consumer.java:133)
[01:24:21] [Thread-10/WARN]: 	at java.base/java.lang.Thread.run(Thread.java:1583)
[01:24:21] [Thread-10/WARN]: java.lang.NullPointerException: Cannot invoke "java.sql.ResultSet.next()" because "resultSet" is null
[01:24:21] [Thread-10/WARN]: 	at CoreProtect-22.4.jar//net.coreprotect.database.logger.EntityKillLogger.log(EntityKillLogger.java:51)
[01:24:21] [Thread-10/WARN]: 	at CoreProtect-22.4.jar//net.coreprotect.consumer.process.EntityKillProcess.process(EntityKillProcess.java:24)
[01:24:21] [Thread-10/WARN]: 	at CoreProtect-22.4.jar//net.coreprotect.consumer.process.Process.processConsumer(Process.java:205)
[01:24:21] [Thread-10/WARN]: 	at CoreProtect-22.4.jar//net.coreprotect.consumer.Consumer.run(Consumer.java:133)
[01:24:21] [Thread-10/WARN]: 	at java.base/java.lang.Thread.run(Thread.java:1583)
[01:25:27] [Server thread/INFO]: MiffMoff issued server command: /gamemode creative
[01:25:27] [Server thread/INFO]: [MiffMoff: Set own game mode to Creative Mode]
[01:26:02] [Thread-10/WARN]: java.io.NotSerializableException: org.bukkit.craftbukkit.attribute.CraftAttribute
[01:26:02] [Thread-10/WARN]: 	at java.base/java.io.ObjectOutputStream.writeObject0(ObjectOutputStream.java:1200)
[01:26:02] [Thread-10/WARN]: 	at java.base/java.io.ObjectOutputStream.writeObject(ObjectOutputStream.java:358)
[01:26:02] [Thread-10/WARN]: 	at java.base/java.util.ArrayList.writeObject(ArrayList.java:948)
[01:26:02] [Thread-10/WARN]: 	at java.base/jdk.internal.reflect.DirectMethodHandleAccessor.invoke(DirectMethodHandleAccessor.java:103)
[01:26:02] [Thread-10/WARN]: 	at java.base/java.lang.reflect.Method.invoke(Method.java:580)
[01:26:02] [Thread-10/WARN]: 	at java.base/java.io.ObjectStreamClass.invokeWriteObject(ObjectStreamClass.java:1072)
[01:26:02] [Thread-10/WARN]: 	at java.base/java.io.ObjectOutputStream.writeSerialData(ObjectOutputStream.java:1529)
[01:26:02] [Thread-10/WARN]: 	at java.base/java.io.ObjectOutputStream.writeOrdinaryObject(ObjectOutputStream.java:1451)
[01:26:02] [Thread-10/WARN]: 	at java.base/java.io.ObjectOutputStream.writeObject0(ObjectOutputStream.java:1194)
[01:26:02] [Thread-10/WARN]: 	at java.base/java.io.ObjectOutputStream.writeObject(ObjectOutputStream.java:358)
[01:26:02] [Thread-10/WARN]: 	at java.base/java.util.ArrayList.writeObject(ArrayList.java:948)
[01:26:02] [Thread-10/WARN]: 	at java.base/jdk.internal.reflect.DirectMethodHandleAccessor.invoke(DirectMethodHandleAccessor.java:103)
[01:26:02] [Thread-10/WARN]: 	at java.base/java.lang.reflect.Method.invoke(Method.java:580)
[01:26:02] [Thread-10/WARN]: 	at java.base/java.io.ObjectStreamClass.invokeWriteObject(ObjectStreamClass.java:1072)
[01:26:02] [Thread-10/WARN]: 	at java.base/java.io.ObjectOutputStream.writeSerialData(ObjectOutputStream.java:1529)
[01:26:02] [Thread-10/WARN]: 	at java.base/java.io.ObjectOutputStream.writeOrdinaryObject(ObjectOutputStream.java:1451)
[01:26:02] [Thread-10/WARN]: 	at java.base/java.io.ObjectOutputStream.writeObject0(ObjectOutputStream.java:1194)
[01:26:02] [Thread-10/WARN]: 	at java.base/java.io.ObjectOutputStream.writeObject(ObjectOutputStream.java:358)
[01:26:02] [Thread-10/WARN]: 	at java.base/java.util.ArrayList.writeObject(ArrayList.java:948)
[01:26:02] [Thread-10/WARN]: 	at java.base/jdk.internal.reflect.DirectMethodHandleAccessor.invoke(DirectMethodHandleAccessor.java:103)
[01:26:02] [Thread-10/WARN]: 	at java.base/java.lang.reflect.Method.invoke(Method.java:580)
[01:26:02] [Thread-10/WARN]: 	at java.base/java.io.ObjectStreamClass.invokeWriteObject(ObjectStreamClass.java:1072)
[01:26:02] [Thread-10/WARN]: 	at java.base/java.io.ObjectOutputStream.writeSerialData(ObjectOutputStream.java:1529)
[01:26:02] [Thread-10/WARN]: 	at java.base/java.io.ObjectOutputStream.writeOrdinaryObject(ObjectOutputStream.java:1451)
[01:26:02] [Thread-10/WARN]: 	at java.base/java.io.ObjectOutputStream.writeObject0(ObjectOutputStream.java:1194)
[01:26:02] [Thread-10/WARN]: 	at java.base/java.io.ObjectOutputStream.writeObject(ObjectOutputStream.java:358)
[01:26:02] [Thread-10/WARN]: 	at CoreProtect-22.4.jar//net.coreprotect.database.statement.EntityStatement.insert(EntityStatement.java:27)
[01:26:02] [Thread-10/WARN]: 	at CoreProtect-22.4.jar//net.coreprotect.database.logger.EntityKillLogger.log(EntityKillLogger.java:49)
[01:26:02] [Thread-10/WARN]: 	at CoreProtect-22.4.jar//net.coreprotect.consumer.process.EntityKillProcess.process(EntityKillProcess.java:24)
[01:26:02] [Thread-10/WARN]: 	at CoreProtect-22.4.jar//net.coreprotect.consumer.process.Process.processConsumer(Process.java:205)
[01:26:02] [Thread-10/WARN]: 	at CoreProtect-22.4.jar//net.coreprotect.consumer.Consumer.run(Consumer.java:133)
[01:26:02] [Thread-10/WARN]: 	at java.base/java.lang.Thread.run(Thread.java:1583)
[01:26:02] [Thread-10/WARN]: java.lang.NullPointerException: Cannot invoke "java.sql.ResultSet.next()" because "resultSet" is null
[01:26:02] [Thread-10/WARN]: 	at CoreProtect-22.4.jar//net.coreprotect.database.logger.EntityKillLogger.log(EntityKillLogger.java:51)
[01:26:02] [Thread-10/WARN]: 	at CoreProtect-22.4.jar//net.coreprotect.consumer.process.EntityKillProcess.process(EntityKillProcess.java:24)
[01:26:02] [Thread-10/WARN]: 	at CoreProtect-22.4.jar//net.coreprotect.consumer.process.Process.processConsumer(Process.java:205)
[01:26:02] [Thread-10/WARN]: 	at CoreProtect-22.4.jar//net.coreprotect.consumer.Consumer.run(Consumer.java:133)
[01:26:02] [Thread-10/WARN]: 	at java.base/java.lang.Thread.run(Thread.java:1583)
[01:26:51] [Thread-10/WARN]: java.io.NotSerializableException: org.bukkit.craftbukkit.attribute.CraftAttribute
[01:26:51] [Thread-10/WARN]: 	at java.base/java.io.ObjectOutputStream.writeObject0(ObjectOutputStream.java:1200)
[01:26:51] [Thread-10/WARN]: 	at java.base/java.io.ObjectOutputStream.writeObject(ObjectOutputStream.java:358)
[01:26:51] [Thread-10/WARN]: 	at java.base/java.util.ArrayList.writeObject(ArrayList.java:948)
[01:26:51] [Thread-10/WARN]: 	at java.base/jdk.internal.reflect.DirectMethodHandleAccessor.invoke(DirectMethodHandleAccessor.java:103)
[01:26:51] [Thread-10/WARN]: 	at java.base/java.lang.reflect.Method.invoke(Method.java:580)
[01:26:51] [Thread-10/WARN]: 	at java.base/java.io.ObjectStreamClass.invokeWriteObject(ObjectStreamClass.java:1072)
[01:26:51] [Thread-10/WARN]: 	at java.base/java.io.ObjectOutputStream.writeSerialData(ObjectOutputStream.java:1529)
[01:26:51] [Thread-10/WARN]: 	at java.base/java.io.ObjectOutputStream.writeOrdinaryObject(ObjectOutputStream.java:1451)
[01:26:51] [Thread-10/WARN]: 	at java.base/java.io.ObjectOutputStream.writeObject0(ObjectOutputStream.java:1194)
[01:26:51] [Thread-10/WARN]: 	at java.base/java.io.ObjectOutputStream.writeObject(ObjectOutputStream.java:358)
[01:26:51] [Thread-10/WARN]: 	at java.base/java.util.ArrayList.writeObject(ArrayList.java:948)
[01:26:51] [Thread-10/WARN]: 	at java.base/jdk.internal.reflect.DirectMethodHandleAccessor.invoke(DirectMethodHandleAccessor.java:103)
[01:26:51] [Thread-10/WARN]: 	at java.base/java.lang.reflect.Method.invoke(Method.java:580)
[01:26:51] [Thread-10/WARN]: 	at java.base/java.io.ObjectStreamClass.invokeWriteObject(ObjectStreamClass.java:1072)
[01:26:51] [Thread-10/WARN]: 	at java.base/java.io.ObjectOutputStream.writeSerialData(ObjectOutputStream.java:1529)
[01:26:51] [Thread-10/WARN]: 	at java.base/java.io.ObjectOutputStream.writeOrdinaryObject(ObjectOutputStream.java:1451)
[01:26:51] [Thread-10/WARN]: 	at java.base/java.io.ObjectOutputStream.writeObject0(ObjectOutputStream.java:1194)
[01:26:51] [Thread-10/WARN]: 	at java.base/java.io.ObjectOutputStream.writeObject(ObjectOutputStream.java:358)
[01:26:51] [Thread-10/WARN]: 	at java.base/java.util.ArrayList.writeObject(ArrayList.java:948)
[01:26:51] [Thread-10/WARN]: 	at java.base/jdk.internal.reflect.DirectMethodHandleAccessor.invoke(DirectMethodHandleAccessor.java:103)
[01:26:51] [Thread-10/WARN]: 	at java.base/java.lang.reflect.Method.invoke(Method.java:580)
[01:26:51] [Thread-10/WARN]: 	at java.base/java.io.ObjectStreamClass.invokeWriteObject(ObjectStreamClass.java:1072)
[01:26:51] [Thread-10/WARN]: 	at java.base/java.io.ObjectOutputStream.writeSerialData(ObjectOutputStream.java:1529)
[01:26:51] [Thread-10/WARN]: 	at java.base/java.io.ObjectOutputStream.writeOrdinaryObject(ObjectOutputStream.java:1451)
[01:26:51] [Thread-10/WARN]: 	at java.base/java.io.ObjectOutputStream.writeObject0(ObjectOutputStream.java:1194)
[01:26:51] [Thread-10/WARN]: 	at java.base/java.io.ObjectOutputStream.writeObject(ObjectOutputStream.java:358)
[01:26:51] [Thread-10/WARN]: 	at CoreProtect-22.4.jar//net.coreprotect.database.statement.EntityStatement.insert(EntityStatement.java:27)
[01:26:51] [Thread-10/WARN]: 	at CoreProtect-22.4.jar//net.coreprotect.database.logger.EntityKillLogger.log(EntityKillLogger.java:49)
[01:26:51] [Thread-10/WARN]: 	at CoreProtect-22.4.jar//net.coreprotect.consumer.process.EntityKillProcess.process(EntityKillProcess.java:24)
[01:26:51] [Thread-10/WARN]: 	at CoreProtect-22.4.jar//net.coreprotect.consumer.process.Process.processConsumer(Process.java:205)
[01:26:51] [Thread-10/WARN]: 	at CoreProtect-22.4.jar//net.coreprotect.consumer.Consumer.run(Consumer.java:133)
[01:26:51] [Thread-10/WARN]: 	at java.base/java.lang.Thread.run(Thread.java:1583)
[01:26:51] [Thread-10/WARN]: java.lang.NullPointerException: Cannot invoke "java.sql.ResultSet.next()" because "resultSet" is null
[01:26:51] [Thread-10/WARN]: 	at CoreProtect-22.4.jar//net.coreprotect.database.logger.EntityKillLogger.log(EntityKillLogger.java:51)
[01:26:51] [Thread-10/WARN]: 	at CoreProtect-22.4.jar//net.coreprotect.consumer.process.EntityKillProcess.process(EntityKillProcess.java:24)
[01:26:51] [Thread-10/WARN]: 	at CoreProtect-22.4.jar//net.coreprotect.consumer.process.Process.processConsumer(Process.java:205)
[01:26:51] [Thread-10/WARN]: 	at CoreProtect-22.4.jar//net.coreprotect.consumer.Consumer.run(Consumer.java:133)
[01:26:51] [Thread-10/WARN]: 	at java.base/java.lang.Thread.run(Thread.java:1583)
[01:27:27] [Thread-10/WARN]: java.io.NotSerializableException: org.bukkit.craftbukkit.attribute.CraftAttribute
[01:27:27] [Thread-10/WARN]: 	at java.base/java.io.ObjectOutputStream.writeObject0(ObjectOutputStream.java:1200)
[01:27:27] [Thread-10/WARN]: 	at java.base/java.io.ObjectOutputStream.writeObject(ObjectOutputStream.java:358)
[01:27:27] [Thread-10/WARN]: 	at java.base/java.util.ArrayList.writeObject(ArrayList.java:948)
[01:27:27] [Thread-10/WARN]: 	at java.base/jdk.internal.reflect.DirectMethodHandleAccessor.invoke(DirectMethodHandleAccessor.java:103)
[01:27:27] [Thread-10/WARN]: 	at java.base/java.lang.reflect.Method.invoke(Method.java:580)
[01:27:27] [Thread-10/WARN]: 	at java.base/java.io.ObjectStreamClass.invokeWriteObject(ObjectStreamClass.java:1072)
[01:27:27] [Thread-10/WARN]: 	at java.base/java.io.ObjectOutputStream.writeSerialData(ObjectOutputStream.java:1529)
[01:27:27] [Thread-10/WARN]: 	at java.base/java.io.ObjectOutputStream.writeOrdinaryObject(ObjectOutputStream.java:1451)
[01:27:27] [Thread-10/WARN]: 	at java.base/java.io.ObjectOutputStream.writeObject0(ObjectOutputStream.java:1194)
[01:27:27] [Thread-10/WARN]: 	at java.base/java.io.ObjectOutputStream.writeObject(ObjectOutputStream.java:358)
[01:27:27] [Thread-10/WARN]: 	at java.base/java.util.ArrayList.writeObject(ArrayList.java:948)
[01:27:27] [Thread-10/WARN]: 	at java.base/jdk.internal.reflect.DirectMethodHandleAccessor.invoke(DirectMethodHandleAccessor.java:103)
[01:27:27] [Thread-10/WARN]: 	at java.base/java.lang.reflect.Method.invoke(Method.java:580)
[01:27:27] [Thread-10/WARN]: 	at java.base/java.io.ObjectStreamClass.invokeWriteObject(ObjectStreamClass.java:1072)
[01:27:27] [Thread-10/WARN]: 	at java.base/java.io.ObjectOutputStream.writeSerialData(ObjectOutputStream.java:1529)
[01:27:27] [Thread-10/WARN]: 	at java.base/java.io.ObjectOutputStream.writeOrdinaryObject(ObjectOutputStream.java:1451)
[01:27:27] [Thread-10/WARN]: 	at java.base/java.io.ObjectOutputStream.writeObject0(ObjectOutputStream.java:1194)
[01:27:27] [Thread-10/WARN]: 	at java.base/java.io.ObjectOutputStream.writeObject(ObjectOutputStream.java:358)
[01:27:27] [Thread-10/WARN]: 	at java.base/java.util.ArrayList.writeObject(ArrayList.java:948)
[01:27:27] [Thread-10/WARN]: 	at java.base/jdk.internal.reflect.DirectMethodHandleAccessor.invoke(DirectMethodHandleAccessor.java:103)
[01:27:27] [Thread-10/WARN]: 	at java.base/java.lang.reflect.Method.invoke(Method.java:580)
[01:27:27] [Thread-10/WARN]: 	at java.base/java.io.ObjectStreamClass.invokeWriteObject(ObjectStreamClass.java:1072)
[01:27:27] [Thread-10/WARN]: 	at java.base/java.io.ObjectOutputStream.writeSerialData(ObjectOutputStream.java:1529)
[01:27:27] [Thread-10/WARN]: 	at java.base/java.io.ObjectOutputStream.writeOrdinaryObject(ObjectOutputStream.java:1451)
[01:27:27] [Thread-10/WARN]: 	at java.base/java.io.ObjectOutputStream.writeObject0(ObjectOutputStream.java:1194)
[01:27:27] [Thread-10/WARN]: 	at java.base/java.io.ObjectOutputStream.writeObject(ObjectOutputStream.java:358)
[01:27:27] [Thread-10/WARN]: 	at CoreProtect-22.4.jar//net.coreprotect.database.statement.EntityStatement.insert(EntityStatement.java:27)
[01:27:27] [Thread-10/WARN]: 	at CoreProtect-22.4.jar//net.coreprotect.database.logger.EntityKillLogger.log(EntityKillLogger.java:49)
[01:27:27] [Thread-10/WARN]: 	at CoreProtect-22.4.jar//net.coreprotect.consumer.process.EntityKillProcess.process(EntityKillProcess.java:24)
[01:27:27] [Thread-10/WARN]: 	at CoreProtect-22.4.jar//net.coreprotect.consumer.process.Process.processConsumer(Process.java:205)
[01:27:27] [Thread-10/WARN]: 	at CoreProtect-22.4.jar//net.coreprotect.consumer.Consumer.run(Consumer.java:133)
[01:27:27] [Thread-10/WARN]: 	at java.base/java.lang.Thread.run(Thread.java:1583)
[01:27:27] [Thread-10/WARN]: java.lang.NullPointerException: Cannot invoke "java.sql.ResultSet.next()" because "resultSet" is null
[01:27:27] [Thread-10/WARN]: 	at CoreProtect-22.4.jar//net.coreprotect.database.logger.EntityKillLogger.log(EntityKillLogger.java:51)
[01:27:27] [Thread-10/WARN]: 	at CoreProtect-22.4.jar//net.coreprotect.consumer.process.EntityKillProcess.process(EntityKillProcess.java:24)
[01:27:27] [Thread-10/WARN]: 	at CoreProtect-22.4.jar//net.coreprotect.consumer.process.Process.processConsumer(Process.java:205)
[01:27:27] [Thread-10/WARN]: 	at CoreProtect-22.4.jar//net.coreprotect.consumer.Consumer.run(Consumer.java:133)
[01:27:27] [Thread-10/WARN]: 	at java.base/java.lang.Thread.run(Thread.java:1583)
[01:28:21] [Server thread/INFO]: MiffMoff has made the advancement [We Need to Go Deeper]
[01:28:54] [Thread-10/WARN]: java.io.NotSerializableException: org.bukkit.craftbukkit.attribute.CraftAttribute
[01:28:54] [Thread-10/WARN]: 	at java.base/java.io.ObjectOutputStream.writeObject0(ObjectOutputStream.java:1200)
[01:28:54] [Thread-10/WARN]: 	at java.base/java.io.ObjectOutputStream.writeObject(ObjectOutputStream.java:358)
[01:28:54] [Thread-10/WARN]: 	at java.base/java.util.ArrayList.writeObject(ArrayList.java:948)
[01:28:54] [Thread-10/WARN]: 	at java.base/jdk.internal.reflect.DirectMethodHandleAccessor.invoke(DirectMethodHandleAccessor.java:103)
[01:28:54] [Thread-10/WARN]: 	at java.base/java.lang.reflect.Method.invoke(Method.java:580)
[01:28:54] [Thread-10/WARN]: 	at java.base/java.io.ObjectStreamClass.invokeWriteObject(ObjectStreamClass.java:1072)
[01:28:54] [Thread-10/WARN]: 	at java.base/java.io.ObjectOutputStream.writeSerialData(ObjectOutputStream.java:1529)
[01:28:54] [Thread-10/WARN]: 	at java.base/java.io.ObjectOutputStream.writeOrdinaryObject(ObjectOutputStream.java:1451)
[01:28:54] [Thread-10/WARN]: 	at java.base/java.io.ObjectOutputStream.writeObject0(ObjectOutputStream.java:1194)
[01:28:54] [Thread-10/WARN]: 	at java.base/java.io.ObjectOutputStream.writeObject(ObjectOutputStream.java:358)
[01:28:54] [Thread-10/WARN]: 	at java.base/java.util.ArrayList.writeObject(ArrayList.java:948)
[01:28:54] [Thread-10/WARN]: 	at java.base/jdk.internal.reflect.DirectMethodHandleAccessor.invoke(DirectMethodHandleAccessor.java:103)
[01:28:54] [Thread-10/WARN]: 	at java.base/java.lang.reflect.Method.invoke(Method.java:580)
[01:28:54] [Thread-10/WARN]: 	at java.base/java.io.ObjectStreamClass.invokeWriteObject(ObjectStreamClass.java:1072)
[01:28:54] [Thread-10/WARN]: 	at java.base/java.io.ObjectOutputStream.writeSerialData(ObjectOutputStream.java:1529)
[01:28:54] [Thread-10/WARN]: 	at java.base/java.io.ObjectOutputStream.writeOrdinaryObject(ObjectOutputStream.java:1451)
[01:28:54] [Thread-10/WARN]: 	at java.base/java.io.ObjectOutputStream.writeObject0(ObjectOutputStream.java:1194)
[01:28:54] [Thread-10/WARN]: 	at java.base/java.io.ObjectOutputStream.writeObject(ObjectOutputStream.java:358)
[01:28:54] [Thread-10/WARN]: 	at java.base/java.util.ArrayList.writeObject(ArrayList.java:948)
[01:28:54] [Thread-10/WARN]: 	at java.base/jdk.internal.reflect.DirectMethodHandleAccessor.invoke(DirectMethodHandleAccessor.java:103)
[01:28:54] [Thread-10/WARN]: 	at java.base/java.lang.reflect.Method.invoke(Method.java:580)
[01:28:54] [Thread-10/WARN]: 	at java.base/java.io.ObjectStreamClass.invokeWriteObject(ObjectStreamClass.java:1072)
[01:28:54] [Thread-10/WARN]: 	at java.base/java.io.ObjectOutputStream.writeSerialData(ObjectOutputStream.java:1529)
[01:28:54] [Thread-10/WARN]: 	at java.base/java.io.ObjectOutputStream.writeOrdinaryObject(ObjectOutputStream.java:1451)
[01:28:54] [Thread-10/WARN]: 	at java.base/java.io.ObjectOutputStream.writeObject0(ObjectOutputStream.java:1194)
[01:28:54] [Thread-10/WARN]: 	at java.base/java.io.ObjectOutputStream.writeObject(ObjectOutputStream.java:358)
[01:28:54] [Thread-10/WARN]: 	at CoreProtect-22.4.jar//net.coreprotect.database.statement.EntityStatement.insert(EntityStatement.java:27)
[01:28:54] [Thread-10/WARN]: 	at CoreProtect-22.4.jar//net.coreprotect.database.logger.EntityKillLogger.log(EntityKillLogger.java:49)
[01:28:54] [Thread-10/WARN]: 	at CoreProtect-22.4.jar//net.coreprotect.consumer.process.EntityKillProcess.process(EntityKillProcess.java:24)
[01:28:54] [Thread-10/WARN]: 	at CoreProtect-22.4.jar//net.coreprotect.consumer.process.Process.processConsumer(Process.java:205)
[01:28:54] [Thread-10/WARN]: 	at CoreProtect-22.4.jar//net.coreprotect.consumer.Consumer.run(Consumer.java:133)
[01:28:54] [Thread-10/WARN]: 	at java.base/java.lang.Thread.run(Thread.java:1583)
[01:28:54] [Thread-10/WARN]: java.lang.NullPointerException: Cannot invoke "java.sql.ResultSet.next()" because "resultSet" is null
[01:28:54] [Thread-10/WARN]: 	at CoreProtect-22.4.jar//net.coreprotect.database.logger.EntityKillLogger.log(EntityKillLogger.java:51)
[01:28:54] [Thread-10/WARN]: 	at CoreProtect-22.4.jar//net.coreprotect.consumer.process.EntityKillProcess.process(EntityKillProcess.java:24)
[01:28:54] [Thread-10/WARN]: 	at CoreProtect-22.4.jar//net.coreprotect.consumer.process.Process.processConsumer(Process.java:205)
[01:28:54] [Thread-10/WARN]: 	at CoreProtect-22.4.jar//net.coreprotect.consumer.Consumer.run(Consumer.java:133)
[01:28:54] [Thread-10/WARN]: 	at java.base/java.lang.Thread.run(Thread.java:1583)
[01:29:10] [Thread-10/WARN]: java.io.NotSerializableException: org.bukkit.craftbukkit.attribute.CraftAttribute
[01:29:10] [Thread-10/WARN]: 	at java.base/java.io.ObjectOutputStream.writeObject0(ObjectOutputStream.java:1200)
[01:29:10] [Thread-10/WARN]: 	at java.base/java.io.ObjectOutputStream.writeObject(ObjectOutputStream.java:358)
[01:29:10] [Thread-10/WARN]: 	at java.base/java.util.ArrayList.writeObject(ArrayList.java:948)
[01:29:10] [Thread-10/WARN]: 	at java.base/jdk.internal.reflect.DirectMethodHandleAccessor.invoke(DirectMethodHandleAccessor.java:103)
[01:29:10] [Thread-10/WARN]: 	at java.base/java.lang.reflect.Method.invoke(Method.java:580)
[01:29:10] [Thread-10/WARN]: 	at java.base/java.io.ObjectStreamClass.invokeWriteObject(ObjectStreamClass.java:1072)
[01:29:10] [Thread-10/WARN]: 	at java.base/java.io.ObjectOutputStream.writeSerialData(ObjectOutputStream.java:1529)
[01:29:10] [Thread-10/WARN]: 	at java.base/java.io.ObjectOutputStream.writeOrdinaryObject(ObjectOutputStream.java:1451)
[01:29:10] [Thread-10/WARN]: 	at java.base/java.io.ObjectOutputStream.writeObject0(ObjectOutputStream.java:1194)
[01:29:10] [Thread-10/WARN]: 	at java.base/java.io.ObjectOutputStream.writeObject(ObjectOutputStream.java:358)
[01:29:10] [Thread-10/WARN]: 	at java.base/java.util.ArrayList.writeObject(ArrayList.java:948)
[01:29:10] [Thread-10/WARN]: 	at java.base/jdk.internal.reflect.DirectMethodHandleAccessor.invoke(DirectMethodHandleAccessor.java:103)
[01:29:10] [Thread-10/WARN]: 	at java.base/java.lang.reflect.Method.invoke(Method.java:580)
[01:29:10] [Thread-10/WARN]: 	at java.base/java.io.ObjectStreamClass.invokeWriteObject(ObjectStreamClass.java:1072)
[01:29:10] [Thread-10/WARN]: 	at java.base/java.io.ObjectOutputStream.writeSerialData(ObjectOutputStream.java:1529)
[01:29:10] [Thread-10/WARN]: 	at java.base/java.io.ObjectOutputStream.writeOrdinaryObject(ObjectOutputStream.java:1451)
[01:29:10] [Thread-10/WARN]: 	at java.base/java.io.ObjectOutputStream.writeObject0(ObjectOutputStream.java:1194)
[01:29:10] [Thread-10/WARN]: 	at java.base/java.io.ObjectOutputStream.writeObject(ObjectOutputStream.java:358)
[01:29:10] [Thread-10/WARN]: 	at java.base/java.util.ArrayList.writeObject(ArrayList.java:948)
[01:29:10] [Thread-10/WARN]: 	at java.base/jdk.internal.reflect.DirectMethodHandleAccessor.invoke(DirectMethodHandleAccessor.java:103)
[01:29:10] [Thread-10/WARN]: 	at java.base/java.lang.reflect.Method.invoke(Method.java:580)
[01:29:10] [Thread-10/WARN]: 	at java.base/java.io.ObjectStreamClass.invokeWriteObject(ObjectStreamClass.java:1072)
[01:29:10] [Thread-10/WARN]: 	at java.base/java.io.ObjectOutputStream.writeSerialData(ObjectOutputStream.java:1529)
[01:29:10] [Thread-10/WARN]: 	at java.base/java.io.ObjectOutputStream.writeOrdinaryObject(ObjectOutputStream.java:1451)
[01:29:10] [Thread-10/WARN]: 	at java.base/java.io.ObjectOutputStream.writeObject0(ObjectOutputStream.java:1194)
[01:29:10] [Thread-10/WARN]: 	at java.base/java.io.ObjectOutputStream.writeObject(ObjectOutputStream.java:358)
[01:29:10] [Thread-10/WARN]: 	at CoreProtect-22.4.jar//net.coreprotect.database.statement.EntityStatement.insert(EntityStatement.java:27)
[01:29:10] [Thread-10/WARN]: 	at CoreProtect-22.4.jar//net.coreprotect.database.logger.EntityKillLogger.log(EntityKillLogger.java:49)
[01:29:10] [Thread-10/WARN]: 	at CoreProtect-22.4.jar//net.coreprotect.consumer.process.EntityKillProcess.process(EntityKillProcess.java:24)
[01:29:10] [Thread-10/WARN]: 	at CoreProtect-22.4.jar//net.coreprotect.consumer.process.Process.processConsumer(Process.java:205)
[01:29:10] [Thread-10/WARN]: 	at CoreProtect-22.4.jar//net.coreprotect.consumer.Consumer.run(Consumer.java:133)
[01:29:10] [Thread-10/WARN]: 	at java.base/java.lang.Thread.run(Thread.java:1583)
[01:29:10] [Thread-10/WARN]: java.lang.NullPointerException: Cannot invoke "java.sql.ResultSet.next()" because "resultSet" is null
[01:29:10] [Thread-10/WARN]: 	at CoreProtect-22.4.jar//net.coreprotect.database.logger.EntityKillLogger.log(EntityKillLogger.java:51)
[01:29:10] [Thread-10/WARN]: 	at CoreProtect-22.4.jar//net.coreprotect.consumer.process.EntityKillProcess.process(EntityKillProcess.java:24)
[01:29:10] [Thread-10/WARN]: 	at CoreProtect-22.4.jar//net.coreprotect.consumer.process.Process.processConsumer(Process.java:205)
[01:29:10] [Thread-10/WARN]: 	at CoreProtect-22.4.jar//net.coreprotect.consumer.Consumer.run(Consumer.java:133)
[01:29:10] [Thread-10/WARN]: 	at java.base/java.lang.Thread.run(Thread.java:1583)
[01:29:25] [Thread-10/WARN]: java.io.NotSerializableException: org.bukkit.craftbukkit.attribute.CraftAttribute
[01:29:25] [Thread-10/WARN]: 	at java.base/java.io.ObjectOutputStream.writeObject0(ObjectOutputStream.java:1200)
[01:29:25] [Thread-10/WARN]: 	at java.base/java.io.ObjectOutputStream.writeObject(ObjectOutputStream.java:358)
[01:29:25] [Thread-10/WARN]: 	at java.base/java.util.ArrayList.writeObject(ArrayList.java:948)
[01:29:25] [Thread-10/WARN]: 	at java.base/jdk.internal.reflect.DirectMethodHandleAccessor.invoke(DirectMethodHandleAccessor.java:103)
[01:29:25] [Thread-10/WARN]: 	at java.base/java.lang.reflect.Method.invoke(Method.java:580)
[01:29:25] [Thread-10/WARN]: 	at java.base/java.io.ObjectStreamClass.invokeWriteObject(ObjectStreamClass.java:1072)
[01:29:25] [Thread-10/WARN]: 	at java.base/java.io.ObjectOutputStream.writeSerialData(ObjectOutputStream.java:1529)
[01:29:25] [Thread-10/WARN]: 	at java.base/java.io.ObjectOutputStream.writeOrdinaryObject(ObjectOutputStream.java:1451)
[01:29:25] [Thread-10/WARN]: 	at java.base/java.io.ObjectOutputStream.writeObject0(ObjectOutputStream.java:1194)
[01:29:25] [Thread-10/WARN]: 	at java.base/java.io.ObjectOutputStream.writeObject(ObjectOutputStream.java:358)
[01:29:25] [Thread-10/WARN]: 	at java.base/java.util.ArrayList.writeObject(ArrayList.java:948)
[01:29:25] [Thread-10/WARN]: 	at java.base/jdk.internal.reflect.DirectMethodHandleAccessor.invoke(DirectMethodHandleAccessor.java:103)
[01:29:25] [Thread-10/WARN]: 	at java.base/java.lang.reflect.Method.invoke(Method.java:580)
[01:29:25] [Thread-10/WARN]: 	at java.base/java.io.ObjectStreamClass.invokeWriteObject(ObjectStreamClass.java:1072)
[01:29:25] [Thread-10/WARN]: 	at java.base/java.io.ObjectOutputStream.writeSerialData(ObjectOutputStream.java:1529)
[01:29:25] [Thread-10/WARN]: 	at java.base/java.io.ObjectOutputStream.writeOrdinaryObject(ObjectOutputStream.java:1451)
[01:29:25] [Thread-10/WARN]: 	at java.base/java.io.ObjectOutputStream.writeObject0(ObjectOutputStream.java:1194)
[01:29:25] [Thread-10/WARN]: 	at java.base/java.io.ObjectOutputStream.writeObject(ObjectOutputStream.java:358)
[01:29:25] [Thread-10/WARN]: 	at java.base/java.util.ArrayList.writeObject(ArrayList.java:948)
[01:29:25] [Thread-10/WARN]: 	at java.base/jdk.internal.reflect.DirectMethodHandleAccessor.invoke(DirectMethodHandleAccessor.java:103)
[01:29:25] [Thread-10/WARN]: 	at java.base/java.lang.reflect.Method.invoke(Method.java:580)
[01:29:25] [Thread-10/WARN]: 	at java.base/java.io.ObjectStreamClass.invokeWriteObject(ObjectStreamClass.java:1072)
[01:29:25] [Thread-10/WARN]: 	at java.base/java.io.ObjectOutputStream.writeSerialData(ObjectOutputStream.java:1529)
[01:29:25] [Thread-10/WARN]: 	at java.base/java.io.ObjectOutputStream.writeOrdinaryObject(ObjectOutputStream.java:1451)
[01:29:25] [Thread-10/WARN]: 	at java.base/java.io.ObjectOutputStream.writeObject0(ObjectOutputStream.java:1194)
[01:29:25] [Thread-10/WARN]: 	at java.base/java.io.ObjectOutputStream.writeObject(ObjectOutputStream.java:358)
[01:29:25] [Thread-10/WARN]: 	at CoreProtect-22.4.jar//net.coreprotect.database.statement.EntityStatement.insert(EntityStatement.java:27)
[01:29:25] [Thread-10/WARN]: 	at CoreProtect-22.4.jar//net.coreprotect.database.logger.EntityKillLogger.log(EntityKillLogger.java:49)
[01:29:25] [Thread-10/WARN]: 	at CoreProtect-22.4.jar//net.coreprotect.consumer.process.EntityKillProcess.process(EntityKillProcess.java:24)
[01:29:25] [Thread-10/WARN]: 	at CoreProtect-22.4.jar//net.coreprotect.consumer.process.Process.processConsumer(Process.java:205)
[01:29:25] [Thread-10/WARN]: 	at CoreProtect-22.4.jar//net.coreprotect.consumer.Consumer.run(Consumer.java:133)
[01:29:25] [Thread-10/WARN]: 	at java.base/java.lang.Thread.run(Thread.java:1583)
[01:29:25] [Thread-10/WARN]: java.lang.NullPointerException: Cannot invoke "java.sql.ResultSet.next()" because "resultSet" is null
[01:29:25] [Thread-10/WARN]: 	at CoreProtect-22.4.jar//net.coreprotect.database.logger.EntityKillLogger.log(EntityKillLogger.java:51)
[01:29:25] [Thread-10/WARN]: 	at CoreProtect-22.4.jar//net.coreprotect.consumer.process.EntityKillProcess.process(EntityKillProcess.java:24)
[01:29:25] [Thread-10/WARN]: 	at CoreProtect-22.4.jar//net.coreprotect.consumer.process.Process.processConsumer(Process.java:205)
[01:29:25] [Thread-10/WARN]: 	at CoreProtect-22.4.jar//net.coreprotect.consumer.Consumer.run(Consumer.java:133)
[01:29:25] [Thread-10/WARN]: 	at java.base/java.lang.Thread.run(Thread.java:1583)
[01:29:54] [Thread-10/WARN]: java.io.NotSerializableException: org.bukkit.craftbukkit.attribute.CraftAttribute
[01:29:54] [Thread-10/WARN]: 	at java.base/java.io.ObjectOutputStream.writeObject0(ObjectOutputStream.java:1200)
[01:29:54] [Thread-10/WARN]: 	at java.base/java.io.ObjectOutputStream.writeObject(ObjectOutputStream.java:358)
[01:29:54] [Thread-10/WARN]: 	at java.base/java.util.ArrayList.writeObject(ArrayList.java:948)
[01:29:54] [Thread-10/WARN]: 	at java.base/jdk.internal.reflect.DirectMethodHandleAccessor.invoke(DirectMethodHandleAccessor.java:103)
[01:29:54] [Thread-10/WARN]: 	at java.base/java.lang.reflect.Method.invoke(Method.java:580)
[01:29:54] [Thread-10/WARN]: 	at java.base/java.io.ObjectStreamClass.invokeWriteObject(ObjectStreamClass.java:1072)
[01:29:54] [Thread-10/WARN]: 	at java.base/java.io.ObjectOutputStream.writeSerialData(ObjectOutputStream.java:1529)
[01:29:54] [Thread-10/WARN]: 	at java.base/java.io.ObjectOutputStream.writeOrdinaryObject(ObjectOutputStream.java:1451)
[01:29:54] [Thread-10/WARN]: 	at java.base/java.io.ObjectOutputStream.writeObject0(ObjectOutputStream.java:1194)
[01:29:54] [Thread-10/WARN]: 	at java.base/java.io.ObjectOutputStream.writeObject(ObjectOutputStream.java:358)
[01:29:54] [Thread-10/WARN]: 	at java.base/java.util.ArrayList.writeObject(ArrayList.java:948)
[01:29:54] [Thread-10/WARN]: 	at java.base/jdk.internal.reflect.DirectMethodHandleAccessor.invoke(DirectMethodHandleAccessor.java:103)
[01:29:54] [Thread-10/WARN]: 	at java.base/java.lang.reflect.Method.invoke(Method.java:580)
[01:29:54] [Thread-10/WARN]: 	at java.base/java.io.ObjectStreamClass.invokeWriteObject(ObjectStreamClass.java:1072)
[01:29:54] [Thread-10/WARN]: 	at java.base/java.io.ObjectOutputStream.writeSerialData(ObjectOutputStream.java:1529)
[01:29:54] [Thread-10/WARN]: 	at java.base/java.io.ObjectOutputStream.writeOrdinaryObject(ObjectOutputStream.java:1451)
[01:29:54] [Thread-10/WARN]: 	at java.base/java.io.ObjectOutputStream.writeObject0(ObjectOutputStream.java:1194)
[01:29:54] [Thread-10/WARN]: 	at java.base/java.io.ObjectOutputStream.writeObject(ObjectOutputStream.java:358)
[01:29:54] [Thread-10/WARN]: 	at java.base/java.util.ArrayList.writeObject(ArrayList.java:948)
[01:29:54] [Thread-10/WARN]: 	at java.base/jdk.internal.reflect.DirectMethodHandleAccessor.invoke(DirectMethodHandleAccessor.java:103)
[01:29:54] [Thread-10/WARN]: 	at java.base/java.lang.reflect.Method.invoke(Method.java:580)
[01:29:54] [Thread-10/WARN]: 	at java.base/java.io.ObjectStreamClass.invokeWriteObject(ObjectStreamClass.java:1072)
[01:29:54] [Thread-10/WARN]: 	at java.base/java.io.ObjectOutputStream.writeSerialData(ObjectOutputStream.java:1529)
[01:29:54] [Thread-10/WARN]: 	at java.base/java.io.ObjectOutputStream.writeOrdinaryObject(ObjectOutputStream.java:1451)
[01:29:54] [Thread-10/WARN]: 	at java.base/java.io.ObjectOutputStream.writeObject0(ObjectOutputStream.java:1194)
[01:29:54] [Thread-10/WARN]: 	at java.base/java.io.ObjectOutputStream.writeObject(ObjectOutputStream.java:358)
[01:29:54] [Thread-10/WARN]: 	at CoreProtect-22.4.jar//net.coreprotect.database.statement.EntityStatement.insert(EntityStatement.java:27)
[01:29:54] [Thread-10/WARN]: 	at CoreProtect-22.4.jar//net.coreprotect.database.logger.EntityKillLogger.log(EntityKillLogger.java:49)
[01:29:54] [Thread-10/WARN]: 	at CoreProtect-22.4.jar//net.coreprotect.consumer.process.EntityKillProcess.process(EntityKillProcess.java:24)
[01:29:54] [Thread-10/WARN]: 	at CoreProtect-22.4.jar//net.coreprotect.consumer.process.Process.processConsumer(Process.java:205)
[01:29:54] [Thread-10/WARN]: 	at CoreProtect-22.4.jar//net.coreprotect.consumer.Consumer.run(Consumer.java:133)
[01:29:54] [Thread-10/WARN]: 	at java.base/java.lang.Thread.run(Thread.java:1583)
[01:29:54] [Thread-10/WARN]: java.lang.NullPointerException: Cannot invoke "java.sql.ResultSet.next()" because "resultSet" is null
[01:29:54] [Thread-10/WARN]: 	at CoreProtect-22.4.jar//net.coreprotect.database.logger.EntityKillLogger.log(EntityKillLogger.java:51)
[01:29:54] [Thread-10/WARN]: 	at CoreProtect-22.4.jar//net.coreprotect.consumer.process.EntityKillProcess.process(EntityKillProcess.java:24)
[01:29:54] [Thread-10/WARN]: 	at CoreProtect-22.4.jar//net.coreprotect.consumer.process.Process.processConsumer(Process.java:205)
[01:29:54] [Thread-10/WARN]: 	at CoreProtect-22.4.jar//net.coreprotect.consumer.Consumer.run(Consumer.java:133)
[01:29:54] [Thread-10/WARN]: 	at java.base/java.lang.Thread.run(Thread.java:1583)
[01:30:00] [Thread-10/WARN]: java.io.NotSerializableException: org.bukkit.craftbukkit.attribute.CraftAttribute
[01:30:00] [Thread-10/WARN]: 	at java.base/java.io.ObjectOutputStream.writeObject0(ObjectOutputStream.java:1200)
[01:30:00] [Thread-10/WARN]: 	at java.base/java.io.ObjectOutputStream.writeObject(ObjectOutputStream.java:358)
[01:30:00] [Thread-10/WARN]: 	at java.base/java.util.ArrayList.writeObject(ArrayList.java:948)
[01:30:00] [Thread-10/WARN]: 	at java.base/jdk.internal.reflect.DirectMethodHandleAccessor.invoke(DirectMethodHandleAccessor.java:103)
[01:30:00] [Thread-10/WARN]: 	at java.base/java.lang.reflect.Method.invoke(Method.java:580)
[01:30:00] [Thread-10/WARN]: 	at java.base/java.io.ObjectStreamClass.invokeWriteObject(ObjectStreamClass.java:1072)
[01:30:00] [Thread-10/WARN]: 	at java.base/java.io.ObjectOutputStream.writeSerialData(ObjectOutputStream.java:1529)
[01:30:00] [Thread-10/WARN]: 	at java.base/java.io.ObjectOutputStream.writeOrdinaryObject(ObjectOutputStream.java:1451)
[01:30:00] [Thread-10/WARN]: 	at java.base/java.io.ObjectOutputStream.writeObject0(ObjectOutputStream.java:1194)
[01:30:00] [Thread-10/WARN]: 	at java.base/java.io.ObjectOutputStream.writeObject(ObjectOutputStream.java:358)
[01:30:00] [Thread-10/WARN]: 	at java.base/java.util.ArrayList.writeObject(ArrayList.java:948)
[01:30:00] [Thread-10/WARN]: 	at java.base/jdk.internal.reflect.DirectMethodHandleAccessor.invoke(DirectMethodHandleAccessor.java:103)
[01:30:00] [Thread-10/WARN]: 	at java.base/java.lang.reflect.Method.invoke(Method.java:580)
[01:30:00] [Thread-10/WARN]: 	at java.base/java.io.ObjectStreamClass.invokeWriteObject(ObjectStreamClass.java:1072)
[01:30:00] [Thread-10/WARN]: 	at java.base/java.io.ObjectOutputStream.writeSerialData(ObjectOutputStream.java:1529)
[01:30:00] [Thread-10/WARN]: 	at java.base/java.io.ObjectOutputStream.writeOrdinaryObject(ObjectOutputStream.java:1451)
[01:30:00] [Thread-10/WARN]: 	at java.base/java.io.ObjectOutputStream.writeObject0(ObjectOutputStream.java:1194)
[01:30:00] [Thread-10/WARN]: 	at java.base/java.io.ObjectOutputStream.writeObject(ObjectOutputStream.java:358)
[01:30:00] [Thread-10/WARN]: 	at java.base/java.util.ArrayList.writeObject(ArrayList.java:948)
[01:30:00] [Thread-10/WARN]: 	at java.base/jdk.internal.reflect.DirectMethodHandleAccessor.invoke(DirectMethodHandleAccessor.java:103)
[01:30:00] [Thread-10/WARN]: 	at java.base/java.lang.reflect.Method.invoke(Method.java:580)
[01:30:00] [Thread-10/WARN]: 	at java.base/java.io.ObjectStreamClass.invokeWriteObject(ObjectStreamClass.java:1072)
[01:30:00] [Thread-10/WARN]: 	at java.base/java.io.ObjectOutputStream.writeSerialData(ObjectOutputStream.java:1529)
[01:30:00] [Thread-10/WARN]: 	at java.base/java.io.ObjectOutputStream.writeOrdinaryObject(ObjectOutputStream.java:1451)
[01:30:00] [Thread-10/WARN]: 	at java.base/java.io.ObjectOutputStream.writeObject0(ObjectOutputStream.java:1194)
[01:30:00] [Thread-10/WARN]: 	at java.base/java.io.ObjectOutputStream.writeObject(ObjectOutputStream.java:358)
[01:30:00] [Thread-10/WARN]: 	at CoreProtect-22.4.jar//net.coreprotect.database.statement.EntityStatement.insert(EntityStatement.java:27)
[01:30:00] [Thread-10/WARN]: 	at CoreProtect-22.4.jar//net.coreprotect.database.logger.EntityKillLogger.log(EntityKillLogger.java:49)
[01:30:00] [Thread-10/WARN]: 	at CoreProtect-22.4.jar//net.coreprotect.consumer.process.EntityKillProcess.process(EntityKillProcess.java:24)
[01:30:00] [Thread-10/WARN]: 	at CoreProtect-22.4.jar//net.coreprotect.consumer.process.Process.processConsumer(Process.java:205)
[01:30:00] [Thread-10/WARN]: 	at CoreProtect-22.4.jar//net.coreprotect.consumer.Consumer.run(Consumer.java:133)
[01:30:00] [Thread-10/WARN]: 	at java.base/java.lang.Thread.run(Thread.java:1583)
[01:30:00] [Thread-10/WARN]: java.lang.NullPointerException: Cannot invoke "java.sql.ResultSet.next()" because "resultSet" is null
[01:30:00] [Thread-10/WARN]: 	at CoreProtect-22.4.jar//net.coreprotect.database.logger.EntityKillLogger.log(EntityKillLogger.java:51)
[01:30:00] [Thread-10/WARN]: 	at CoreProtect-22.4.jar//net.coreprotect.consumer.process.EntityKillProcess.process(EntityKillProcess.java:24)
[01:30:00] [Thread-10/WARN]: 	at CoreProtect-22.4.jar//net.coreprotect.consumer.process.Process.processConsumer(Process.java:205)
[01:30:00] [Thread-10/WARN]: 	at CoreProtect-22.4.jar//net.coreprotect.consumer.Consumer.run(Consumer.java:133)
[01:30:00] [Thread-10/WARN]: 	at java.base/java.lang.Thread.run(Thread.java:1583)
[01:30:01] [Thread-10/WARN]: java.io.NotSerializableException: org.bukkit.craftbukkit.attribute.CraftAttribute
[01:30:01] [Thread-10/WARN]: 	at java.base/java.io.ObjectOutputStream.writeObject0(ObjectOutputStream.java:1200)
[01:30:01] [Thread-10/WARN]: 	at java.base/java.io.ObjectOutputStream.writeObject(ObjectOutputStream.java:358)
[01:30:01] [Thread-10/WARN]: 	at java.base/java.util.ArrayList.writeObject(ArrayList.java:948)
[01:30:01] [Thread-10/WARN]: 	at java.base/jdk.internal.reflect.DirectMethodHandleAccessor.invoke(DirectMethodHandleAccessor.java:103)
[01:30:01] [Thread-10/WARN]: 	at java.base/java.lang.reflect.Method.invoke(Method.java:580)
[01:30:01] [Thread-10/WARN]: 	at java.base/java.io.ObjectStreamClass.invokeWriteObject(ObjectStreamClass.java:1072)
[01:30:01] [Thread-10/WARN]: 	at java.base/java.io.ObjectOutputStream.writeSerialData(ObjectOutputStream.java:1529)
[01:30:01] [Thread-10/WARN]: 	at java.base/java.io.ObjectOutputStream.writeOrdinaryObject(ObjectOutputStream.java:1451)
[01:30:01] [Thread-10/WARN]: 	at java.base/java.io.ObjectOutputStream.writeObject0(ObjectOutputStream.java:1194)
[01:30:01] [Thread-10/WARN]: 	at java.base/java.io.ObjectOutputStream.writeObject(ObjectOutputStream.java:358)
[01:30:01] [Thread-10/WARN]: 	at java.base/java.util.ArrayList.writeObject(ArrayList.java:948)
[01:30:01] [Thread-10/WARN]: 	at java.base/jdk.internal.reflect.DirectMethodHandleAccessor.invoke(DirectMethodHandleAccessor.java:103)
[01:30:01] [Thread-10/WARN]: 	at java.base/java.lang.reflect.Method.invoke(Method.java:580)
[01:30:01] [Thread-10/WARN]: 	at java.base/java.io.ObjectStreamClass.invokeWriteObject(ObjectStreamClass.java:1072)
[01:30:01] [Thread-10/WARN]: 	at java.base/java.io.ObjectOutputStream.writeSerialData(ObjectOutputStream.java:1529)
[01:30:01] [Thread-10/WARN]: 	at java.base/java.io.ObjectOutputStream.writeOrdinaryObject(ObjectOutputStream.java:1451)
[01:30:01] [Thread-10/WARN]: 	at java.base/java.io.ObjectOutputStream.writeObject0(ObjectOutputStream.java:1194)
[01:30:01] [Thread-10/WARN]: 	at java.base/java.io.ObjectOutputStream.writeObject(ObjectOutputStream.java:358)
[01:30:01] [Thread-10/WARN]: 	at java.base/java.util.ArrayList.writeObject(ArrayList.java:948)
[01:30:01] [Thread-10/WARN]: 	at java.base/jdk.internal.reflect.DirectMethodHandleAccessor.invoke(DirectMethodHandleAccessor.java:103)
[01:30:01] [Thread-10/WARN]: 	at java.base/java.lang.reflect.Method.invoke(Method.java:580)
[01:30:01] [Thread-10/WARN]: 	at java.base/java.io.ObjectStreamClass.invokeWriteObject(ObjectStreamClass.java:1072)
[01:30:01] [Thread-10/WARN]: 	at java.base/java.io.ObjectOutputStream.writeSerialData(ObjectOutputStream.java:1529)
[01:30:01] [Thread-10/WARN]: 	at java.base/java.io.ObjectOutputStream.writeOrdinaryObject(ObjectOutputStream.java:1451)
[01:30:01] [Thread-10/WARN]: 	at java.base/java.io.ObjectOutputStream.writeObject0(ObjectOutputStream.java:1194)
[01:30:01] [Thread-10/WARN]: 	at java.base/java.io.ObjectOutputStream.writeObject(ObjectOutputStream.java:358)
[01:30:01] [Thread-10/WARN]: 	at CoreProtect-22.4.jar//net.coreprotect.database.statement.EntityStatement.insert(EntityStatement.java:27)
[01:30:01] [Thread-10/WARN]: 	at CoreProtect-22.4.jar//net.coreprotect.database.logger.EntityKillLogger.log(EntityKillLogger.java:49)
[01:30:01] [Thread-10/WARN]: 	at CoreProtect-22.4.jar//net.coreprotect.consumer.process.EntityKillProcess.process(EntityKillProcess.java:24)
[01:30:01] [Thread-10/WARN]: 	at CoreProtect-22.4.jar//net.coreprotect.consumer.process.Process.processConsumer(Process.java:205)
[01:30:01] [Thread-10/WARN]: 	at CoreProtect-22.4.jar//net.coreprotect.consumer.Consumer.run(Consumer.java:133)
[01:30:01] [Thread-10/WARN]: 	at java.base/java.lang.Thread.run(Thread.java:1583)
[01:30:01] [Thread-10/WARN]: java.lang.NullPointerException: Cannot invoke "java.sql.ResultSet.next()" because "resultSet" is null
[01:30:01] [Thread-10/WARN]: 	at CoreProtect-22.4.jar//net.coreprotect.database.logger.EntityKillLogger.log(EntityKillLogger.java:51)
[01:30:01] [Thread-10/WARN]: 	at CoreProtect-22.4.jar//net.coreprotect.consumer.process.EntityKillProcess.process(EntityKillProcess.java:24)
[01:30:01] [Thread-10/WARN]: 	at CoreProtect-22.4.jar//net.coreprotect.consumer.process.Process.processConsumer(Process.java:205)
[01:30:01] [Thread-10/WARN]: 	at CoreProtect-22.4.jar//net.coreprotect.consumer.Consumer.run(Consumer.java:133)
[01:30:01] [Thread-10/WARN]: 	at java.base/java.lang.Thread.run(Thread.java:1583)
[01:30:02] [Thread-10/WARN]: java.io.NotSerializableException: org.bukkit.craftbukkit.attribute.CraftAttribute
[01:30:02] [Thread-10/WARN]: 	at java.base/java.io.ObjectOutputStream.writeObject0(ObjectOutputStream.java:1200)
[01:30:02] [Thread-10/WARN]: 	at java.base/java.io.ObjectOutputStream.writeObject(ObjectOutputStream.java:358)
[01:30:02] [Thread-10/WARN]: 	at java.base/java.util.ArrayList.writeObject(ArrayList.java:948)
[01:30:02] [Thread-10/WARN]: 	at java.base/jdk.internal.reflect.DirectMethodHandleAccessor.invoke(DirectMethodHandleAccessor.java:103)
[01:30:02] [Thread-10/WARN]: 	at java.base/java.lang.reflect.Method.invoke(Method.java:580)
[01:30:02] [Thread-10/WARN]: 	at java.base/java.io.ObjectStreamClass.invokeWriteObject(ObjectStreamClass.java:1072)
[01:30:02] [Thread-10/WARN]: 	at java.base/java.io.ObjectOutputStream.writeSerialData(ObjectOutputStream.java:1529)
[01:30:02] [Thread-10/WARN]: 	at java.base/java.io.ObjectOutputStream.writeOrdinaryObject(ObjectOutputStream.java:1451)
[01:30:02] [Thread-10/WARN]: 	at java.base/java.io.ObjectOutputStream.writeObject0(ObjectOutputStream.java:1194)
[01:30:02] [Thread-10/WARN]: 	at java.base/java.io.ObjectOutputStream.writeObject(ObjectOutputStream.java:358)
[01:30:02] [Thread-10/WARN]: 	at java.base/java.util.ArrayList.writeObject(ArrayList.java:948)
[01:30:02] [Thread-10/WARN]: 	at java.base/jdk.internal.reflect.DirectMethodHandleAccessor.invoke(DirectMethodHandleAccessor.java:103)
[01:30:02] [Thread-10/WARN]: 	at java.base/java.lang.reflect.Method.invoke(Method.java:580)
[01:30:02] [Thread-10/WARN]: 	at java.base/java.io.ObjectStreamClass.invokeWriteObject(ObjectStreamClass.java:1072)
[01:30:02] [Thread-10/WARN]: 	at java.base/java.io.ObjectOutputStream.writeSerialData(ObjectOutputStream.java:1529)
[01:30:02] [Thread-10/WARN]: 	at java.base/java.io.ObjectOutputStream.writeOrdinaryObject(ObjectOutputStream.java:1451)
[01:30:02] [Thread-10/WARN]: 	at java.base/java.io.ObjectOutputStream.writeObject0(ObjectOutputStream.java:1194)
[01:30:02] [Thread-10/WARN]: 	at java.base/java.io.ObjectOutputStream.writeObject(ObjectOutputStream.java:358)
[01:30:02] [Thread-10/WARN]: 	at java.base/java.util.ArrayList.writeObject(ArrayList.java:948)
[01:30:02] [Thread-10/WARN]: 	at java.base/jdk.internal.reflect.DirectMethodHandleAccessor.invoke(DirectMethodHandleAccessor.java:103)
[01:30:02] [Thread-10/WARN]: 	at java.base/java.lang.reflect.Method.invoke(Method.java:580)
[01:30:02] [Thread-10/WARN]: 	at java.base/java.io.ObjectStreamClass.invokeWriteObject(ObjectStreamClass.java:1072)
[01:30:02] [Thread-10/WARN]: 	at java.base/java.io.ObjectOutputStream.writeSerialData(ObjectOutputStream.java:1529)
[01:30:02] [Thread-10/WARN]: 	at java.base/java.io.ObjectOutputStream.writeOrdinaryObject(ObjectOutputStream.java:1451)
[01:30:02] [Thread-10/WARN]: 	at java.base/java.io.ObjectOutputStream.writeObject0(ObjectOutputStream.java:1194)
[01:30:02] [Thread-10/WARN]: 	at java.base/java.io.ObjectOutputStream.writeObject(ObjectOutputStream.java:358)
[01:30:02] [Thread-10/WARN]: 	at CoreProtect-22.4.jar//net.coreprotect.database.statement.EntityStatement.insert(EntityStatement.java:27)
[01:30:02] [Thread-10/WARN]: 	at CoreProtect-22.4.jar//net.coreprotect.database.logger.EntityKillLogger.log(EntityKillLogger.java:49)
[01:30:02] [Thread-10/WARN]: 	at CoreProtect-22.4.jar//net.coreprotect.consumer.process.EntityKillProcess.process(EntityKillProcess.java:24)
[01:30:02] [Thread-10/WARN]: 	at CoreProtect-22.4.jar//net.coreprotect.consumer.process.Process.processConsumer(Process.java:205)
[01:30:02] [Thread-10/WARN]: 	at CoreProtect-22.4.jar//net.coreprotect.consumer.Consumer.run(Consumer.java:133)
[01:30:02] [Thread-10/WARN]: 	at java.base/java.lang.Thread.run(Thread.java:1583)
[01:30:02] [Thread-10/WARN]: java.lang.NullPointerException: Cannot invoke "java.sql.ResultSet.next()" because "resultSet" is null
[01:30:02] [Thread-10/WARN]: 	at CoreProtect-22.4.jar//net.coreprotect.database.logger.EntityKillLogger.log(EntityKillLogger.java:51)
[01:30:02] [Thread-10/WARN]: 	at CoreProtect-22.4.jar//net.coreprotect.consumer.process.EntityKillProcess.process(EntityKillProcess.java:24)
[01:30:02] [Thread-10/WARN]: 	at CoreProtect-22.4.jar//net.coreprotect.consumer.process.Process.processConsumer(Process.java:205)
[01:30:02] [Thread-10/WARN]: 	at CoreProtect-22.4.jar//net.coreprotect.consumer.Consumer.run(Consumer.java:133)
[01:30:02] [Thread-10/WARN]: 	at java.base/java.lang.Thread.run(Thread.java:1583)
[01:30:10] [Thread-10/WARN]: java.io.NotSerializableException: org.bukkit.craftbukkit.attribute.CraftAttribute
[01:30:10] [Thread-10/WARN]: 	at java.base/java.io.ObjectOutputStream.writeObject0(ObjectOutputStream.java:1200)
[01:30:10] [Thread-10/WARN]: 	at java.base/java.io.ObjectOutputStream.writeObject(ObjectOutputStream.java:358)
[01:30:10] [Thread-10/WARN]: 	at java.base/java.util.ArrayList.writeObject(ArrayList.java:948)
[01:30:10] [Thread-10/WARN]: 	at java.base/jdk.internal.reflect.DirectMethodHandleAccessor.invoke(DirectMethodHandleAccessor.java:103)
[01:30:10] [Thread-10/WARN]: 	at java.base/java.lang.reflect.Method.invoke(Method.java:580)
[01:30:10] [Thread-10/WARN]: 	at java.base/java.io.ObjectStreamClass.invokeWriteObject(ObjectStreamClass.java:1072)
[01:30:10] [Thread-10/WARN]: 	at java.base/java.io.ObjectOutputStream.writeSerialData(ObjectOutputStream.java:1529)
[01:30:10] [Thread-10/WARN]: 	at java.base/java.io.ObjectOutputStream.writeOrdinaryObject(ObjectOutputStream.java:1451)
[01:30:10] [Thread-10/WARN]: 	at java.base/java.io.ObjectOutputStream.writeObject0(ObjectOutputStream.java:1194)
[01:30:10] [Thread-10/WARN]: 	at java.base/java.io.ObjectOutputStream.writeObject(ObjectOutputStream.java:358)
[01:30:10] [Thread-10/WARN]: 	at java.base/java.util.ArrayList.writeObject(ArrayList.java:948)
[01:30:10] [Thread-10/WARN]: 	at java.base/jdk.internal.reflect.DirectMethodHandleAccessor.invoke(DirectMethodHandleAccessor.java:103)
[01:30:10] [Thread-10/WARN]: 	at java.base/java.lang.reflect.Method.invoke(Method.java:580)
[01:30:10] [Thread-10/WARN]: 	at java.base/java.io.ObjectStreamClass.invokeWriteObject(ObjectStreamClass.java:1072)
[01:30:10] [Thread-10/WARN]: 	at java.base/java.io.ObjectOutputStream.writeSerialData(ObjectOutputStream.java:1529)
[01:30:10] [Thread-10/WARN]: 	at java.base/java.io.ObjectOutputStream.writeOrdinaryObject(ObjectOutputStream.java:1451)
[01:30:10] [Thread-10/WARN]: 	at java.base/java.io.ObjectOutputStream.writeObject0(ObjectOutputStream.java:1194)
[01:30:10] [Thread-10/WARN]: 	at java.base/java.io.ObjectOutputStream.writeObject(ObjectOutputStream.java:358)
[01:30:10] [Thread-10/WARN]: 	at java.base/java.util.ArrayList.writeObject(ArrayList.java:948)
[01:30:10] [Thread-10/WARN]: 	at java.base/jdk.internal.reflect.DirectMethodHandleAccessor.invoke(DirectMethodHandleAccessor.java:103)
[01:30:10] [Thread-10/WARN]: 	at java.base/java.lang.reflect.Method.invoke(Method.java:580)
[01:30:10] [Thread-10/WARN]: 	at java.base/java.io.ObjectStreamClass.invokeWriteObject(ObjectStreamClass.java:1072)
[01:30:10] [Thread-10/WARN]: 	at java.base/java.io.ObjectOutputStream.writeSerialData(ObjectOutputStream.java:1529)
[01:30:10] [Thread-10/WARN]: 	at java.base/java.io.ObjectOutputStream.writeOrdinaryObject(ObjectOutputStream.java:1451)
[01:30:10] [Thread-10/WARN]: 	at java.base/java.io.ObjectOutputStream.writeObject0(ObjectOutputStream.java:1194)
[01:30:10] [Thread-10/WARN]: 	at java.base/java.io.ObjectOutputStream.writeObject(ObjectOutputStream.java:358)
[01:30:10] [Thread-10/WARN]: 	at CoreProtect-22.4.jar//net.coreprotect.database.statement.EntityStatement.insert(EntityStatement.java:27)
[01:30:10] [Thread-10/WARN]: 	at CoreProtect-22.4.jar//net.coreprotect.database.logger.EntityKillLogger.log(EntityKillLogger.java:49)
[01:30:10] [Thread-10/WARN]: 	at CoreProtect-22.4.jar//net.coreprotect.consumer.process.EntityKillProcess.process(EntityKillProcess.java:24)
[01:30:10] [Thread-10/WARN]: 	at CoreProtect-22.4.jar//net.coreprotect.consumer.process.Process.processConsumer(Process.java:205)
[01:30:10] [Thread-10/WARN]: 	at CoreProtect-22.4.jar//net.coreprotect.consumer.Consumer.run(Consumer.java:133)
[01:30:10] [Thread-10/WARN]: 	at java.base/java.lang.Thread.run(Thread.java:1583)
[01:30:10] [Thread-10/WARN]: java.lang.NullPointerException: Cannot invoke "java.sql.ResultSet.next()" because "resultSet" is null
[01:30:10] [Thread-10/WARN]: 	at CoreProtect-22.4.jar//net.coreprotect.database.logger.EntityKillLogger.log(EntityKillLogger.java:51)
[01:30:10] [Thread-10/WARN]: 	at CoreProtect-22.4.jar//net.coreprotect.consumer.process.EntityKillProcess.process(EntityKillProcess.java:24)
[01:30:10] [Thread-10/WARN]: 	at CoreProtect-22.4.jar//net.coreprotect.consumer.process.Process.processConsumer(Process.java:205)
[01:30:10] [Thread-10/WARN]: 	at CoreProtect-22.4.jar//net.coreprotect.consumer.Consumer.run(Consumer.java:133)
[01:30:10] [Thread-10/WARN]: 	at java.base/java.lang.Thread.run(Thread.java:1583)
[01:31:11] [Server thread/INFO]: MiffMoff issued server command: /squaremap:map fullrender minecraft:the_nether
[01:31:11] [squaremap-render-[minecraft:the_nether]-1/INFO]: [squaremap] Started full map render for minecraft:the_nether
[01:31:11] [squaremap-render-[minecraft:the_nether]-1/INFO]: [squaremap] Scanning region files... (this may take a moment)
[01:31:11] [squaremap-render-[minecraft:the_nether]-1/INFO]: [squaremap] Found 12 region files
[01:31:12] [squaremap-render-progresslogger-[minecraft:the_nether]/INFO]: [squaremap] (52.78%) World: minecraft:the_nether Regions: 6/12 Chunks: 6486/12288 Elapsed: 00:00:01 ETA: 00:00:00 Rate: 6486.0 cps
[01:31:13] [squaremap-render-progresslogger-[minecraft:the_nether]/INFO]: [squaremap] (92.26%) World: minecraft:the_nether Regions: 10/12 Chunks: 11337/12288 Elapsed: 00:00:02 ETA: 00:00:00 Rate: 5668.5 cps
[01:31:13] [squaremap-render-[minecraft:the_nether]-1/INFO]: [squaremap] Finished rendering map for minecraft:the_nether
[01:31:51] [Thread-10/WARN]: java.io.NotSerializableException: org.bukkit.craftbukkit.attribute.CraftAttribute
[01:31:51] [Thread-10/WARN]: 	at java.base/java.io.ObjectOutputStream.writeObject0(ObjectOutputStream.java:1200)
[01:31:51] [Thread-10/WARN]: 	at java.base/java.io.ObjectOutputStream.writeObject(ObjectOutputStream.java:358)
[01:31:51] [Thread-10/WARN]: 	at java.base/java.util.ArrayList.writeObject(ArrayList.java:948)
[01:31:51] [Thread-10/WARN]: 	at java.base/jdk.internal.reflect.DirectMethodHandleAccessor.invoke(DirectMethodHandleAccessor.java:103)
[01:31:51] [Thread-10/WARN]: 	at java.base/java.lang.reflect.Method.invoke(Method.java:580)
[01:31:51] [Thread-10/WARN]: 	at java.base/java.io.ObjectStreamClass.invokeWriteObject(ObjectStreamClass.java:1072)
[01:31:51] [Thread-10/WARN]: 	at java.base/java.io.ObjectOutputStream.writeSerialData(ObjectOutputStream.java:1529)
[01:31:51] [Thread-10/WARN]: 	at java.base/java.io.ObjectOutputStream.writeOrdinaryObject(ObjectOutputStream.java:1451)
[01:31:51] [Thread-10/WARN]: 	at java.base/java.io.ObjectOutputStream.writeObject0(ObjectOutputStream.java:1194)
[01:31:51] [Thread-10/WARN]: 	at java.base/java.io.ObjectOutputStream.writeObject(ObjectOutputStream.java:358)
[01:31:51] [Thread-10/WARN]: 	at java.base/java.util.ArrayList.writeObject(ArrayList.java:948)
[01:31:51] [Thread-10/WARN]: 	at java.base/jdk.internal.reflect.DirectMethodHandleAccessor.invoke(DirectMethodHandleAccessor.java:103)
[01:31:51] [Thread-10/WARN]: 	at java.base/java.lang.reflect.Method.invoke(Method.java:580)
[01:31:51] [Thread-10/WARN]: 	at java.base/java.io.ObjectStreamClass.invokeWriteObject(ObjectStreamClass.java:1072)
[01:31:51] [Thread-10/WARN]: 	at java.base/java.io.ObjectOutputStream.writeSerialData(ObjectOutputStream.java:1529)
[01:31:51] [Thread-10/WARN]: 	at java.base/java.io.ObjectOutputStream.writeOrdinaryObject(ObjectOutputStream.java:1451)
[01:31:51] [Thread-10/WARN]: 	at java.base/java.io.ObjectOutputStream.writeObject0(ObjectOutputStream.java:1194)
[01:31:51] [Thread-10/WARN]: 	at java.base/java.io.ObjectOutputStream.writeObject(ObjectOutputStream.java:358)
[01:31:51] [Thread-10/WARN]: 	at java.base/java.util.ArrayList.writeObject(ArrayList.java:948)
[01:31:51] [Thread-10/WARN]: 	at java.base/jdk.internal.reflect.DirectMethodHandleAccessor.invoke(DirectMethodHandleAccessor.java:103)
[01:31:51] [Thread-10/WARN]: 	at java.base/java.lang.reflect.Method.invoke(Method.java:580)
[01:31:51] [Thread-10/WARN]: 	at java.base/java.io.ObjectStreamClass.invokeWriteObject(ObjectStreamClass.java:1072)
[01:31:51] [Thread-10/WARN]: 	at java.base/java.io.ObjectOutputStream.writeSerialData(ObjectOutputStream.java:1529)
[01:31:51] [Thread-10/WARN]: 	at java.base/java.io.ObjectOutputStream.writeOrdinaryObject(ObjectOutputStream.java:1451)
[01:31:51] [Thread-10/WARN]: 	at java.base/java.io.ObjectOutputStream.writeObject0(ObjectOutputStream.java:1194)
[01:31:51] [Thread-10/WARN]: 	at java.base/java.io.ObjectOutputStream.writeObject(ObjectOutputStream.java:358)
[01:31:51] [Thread-10/WARN]: 	at CoreProtect-22.4.jar//net.coreprotect.database.statement.EntityStatement.insert(EntityStatement.java:27)
[01:31:51] [Thread-10/WARN]: 	at CoreProtect-22.4.jar//net.coreprotect.database.logger.EntityKillLogger.log(EntityKillLogger.java:49)
[01:31:51] [Thread-10/WARN]: 	at CoreProtect-22.4.jar//net.coreprotect.consumer.process.EntityKillProcess.process(EntityKillProcess.java:24)
[01:31:51] [Thread-10/WARN]: 	at CoreProtect-22.4.jar//net.coreprotect.consumer.process.Process.processConsumer(Process.java:205)
[01:31:51] [Thread-10/WARN]: 	at CoreProtect-22.4.jar//net.coreprotect.consumer.Consumer.run(Consumer.java:133)
[01:31:51] [Thread-10/WARN]: 	at java.base/java.lang.Thread.run(Thread.java:1583)
[01:31:51] [Thread-10/WARN]: java.lang.NullPointerException: Cannot invoke "java.sql.ResultSet.next()" because "resultSet" is null
[01:31:51] [Thread-10/WARN]: 	at CoreProtect-22.4.jar//net.coreprotect.database.logger.EntityKillLogger.log(EntityKillLogger.java:51)
[01:31:51] [Thread-10/WARN]: 	at CoreProtect-22.4.jar//net.coreprotect.consumer.process.EntityKillProcess.process(EntityKillProcess.java:24)
[01:31:51] [Thread-10/WARN]: 	at CoreProtect-22.4.jar//net.coreprotect.consumer.process.Process.processConsumer(Process.java:205)
[01:31:51] [Thread-10/WARN]: 	at CoreProtect-22.4.jar//net.coreprotect.consumer.Consumer.run(Consumer.java:133)
[01:31:51] [Thread-10/WARN]: 	at java.base/java.lang.Thread.run(Thread.java:1583)
[01:32:51] [Server thread/INFO]: MiffMoff issued server command: /gamemode spectator
[01:32:51] [Server thread/INFO]: [MiffMoff: Set own game mode to Spectator Mode]
[01:33:31] [Server thread/INFO]: MiffMoff issued server command: /squaremap:map fullrender the_nether
[01:33:31] [squaremap-render-[minecraft:the_nether]-1/INFO]: [squaremap] Started full map render for minecraft:the_nether
[01:33:31] [squaremap-render-[minecraft:the_nether]-1/INFO]: [squaremap] Scanning region files... (this may take a moment)
[01:33:31] [squaremap-render-[minecraft:the_nether]-1/INFO]: [squaremap] Found 12 region files
[01:33:32] [squaremap-render-progresslogger-[minecraft:the_nether]/INFO]: [squaremap] (20.67%) World: minecraft:the_nether Regions: 2/12 Chunks: 2540/12288 Elapsed: 00:00:01 ETA: 00:00:03 Rate: 2540.0 cps
[01:33:33] [squaremap-render-progresslogger-[minecraft:the_nether]/INFO]: [squaremap] (49.52%) World: minecraft:the_nether Regions: 5/12 Chunks: 6085/12288 Elapsed: 00:00:02 ETA: 00:00:02 Rate: 3042.5 cps
[01:33:34] [squaremap-render-progresslogger-[minecraft:the_nether]/INFO]: [squaremap] (62.00%) World: minecraft:the_nether Regions: 7/12 Chunks: 7619/12288 Elapsed: 00:00:03 ETA: 00:00:01 Rate: 2539.7 cps
[01:33:35] [squaremap-render-progresslogger-[minecraft:the_nether]/INFO]: [squaremap] (69.79%) World: minecraft:the_nether Regions: 8/12 Chunks: 8576/12288 Elapsed: 00:00:04 ETA: 00:00:01 Rate: 2144.0 cps
[01:33:35] [squaremap-render-[minecraft:the_nether]-1/INFO]: [squaremap] Finished rendering map for minecraft:the_nether
[01:33:45] [Thread-10/WARN]: java.io.NotSerializableException: org.bukkit.craftbukkit.attribute.CraftAttribute
[01:33:45] [Thread-10/WARN]: 	at java.base/java.io.ObjectOutputStream.writeObject0(ObjectOutputStream.java:1200)
[01:33:45] [Thread-10/WARN]: 	at java.base/java.io.ObjectOutputStream.writeObject(ObjectOutputStream.java:358)
[01:33:45] [Thread-10/WARN]: 	at java.base/java.util.ArrayList.writeObject(ArrayList.java:948)
[01:33:45] [Thread-10/WARN]: 	at java.base/jdk.internal.reflect.DirectMethodHandleAccessor.invoke(DirectMethodHandleAccessor.java:103)
[01:33:45] [Thread-10/WARN]: 	at java.base/java.lang.reflect.Method.invoke(Method.java:580)
[01:33:45] [Thread-10/WARN]: 	at java.base/java.io.ObjectStreamClass.invokeWriteObject(ObjectStreamClass.java:1072)
[01:33:45] [Thread-10/WARN]: 	at java.base/java.io.ObjectOutputStream.writeSerialData(ObjectOutputStream.java:1529)
[01:33:45] [Thread-10/WARN]: 	at java.base/java.io.ObjectOutputStream.writeOrdinaryObject(ObjectOutputStream.java:1451)
[01:33:45] [Thread-10/WARN]: 	at java.base/java.io.ObjectOutputStream.writeObject0(ObjectOutputStream.java:1194)
[01:33:45] [Thread-10/WARN]: 	at java.base/java.io.ObjectOutputStream.writeObject(ObjectOutputStream.java:358)
[01:33:45] [Thread-10/WARN]: 	at java.base/java.util.ArrayList.writeObject(ArrayList.java:948)
[01:33:45] [Thread-10/WARN]: 	at java.base/jdk.internal.reflect.DirectMethodHandleAccessor.invoke(DirectMethodHandleAccessor.java:103)
[01:33:45] [Thread-10/WARN]: 	at java.base/java.lang.reflect.Method.invoke(Method.java:580)
[01:33:45] [Thread-10/WARN]: 	at java.base/java.io.ObjectStreamClass.invokeWriteObject(ObjectStreamClass.java:1072)
[01:33:45] [Thread-10/WARN]: 	at java.base/java.io.ObjectOutputStream.writeSerialData(ObjectOutputStream.java:1529)
[01:33:45] [Thread-10/WARN]: 	at java.base/java.io.ObjectOutputStream.writeOrdinaryObject(ObjectOutputStream.java:1451)
[01:33:45] [Thread-10/WARN]: 	at java.base/java.io.ObjectOutputStream.writeObject0(ObjectOutputStream.java:1194)
[01:33:45] [Thread-10/WARN]: 	at java.base/java.io.ObjectOutputStream.writeObject(ObjectOutputStream.java:358)
[01:33:45] [Thread-10/WARN]: 	at java.base/java.util.ArrayList.writeObject(ArrayList.java:948)
[01:33:45] [Thread-10/WARN]: 	at java.base/jdk.internal.reflect.DirectMethodHandleAccessor.invoke(DirectMethodHandleAccessor.java:103)
[01:33:45] [Thread-10/WARN]: 	at java.base/java.lang.reflect.Method.invoke(Method.java:580)
[01:33:45] [Thread-10/WARN]: 	at java.base/java.io.ObjectStreamClass.invokeWriteObject(ObjectStreamClass.java:1072)
[01:33:45] [Thread-10/WARN]: 	at java.base/java.io.ObjectOutputStream.writeSerialData(ObjectOutputStream.java:1529)
[01:33:45] [Thread-10/WARN]: 	at java.base/java.io.ObjectOutputStream.writeOrdinaryObject(ObjectOutputStream.java:1451)
[01:33:45] [Thread-10/WARN]: 	at java.base/java.io.ObjectOutputStream.writeObject0(ObjectOutputStream.java:1194)
[01:33:45] [Thread-10/WARN]: 	at java.base/java.io.ObjectOutputStream.writeObject(ObjectOutputStream.java:358)
[01:33:45] [Thread-10/WARN]: 	at CoreProtect-22.4.jar//net.coreprotect.database.statement.EntityStatement.insert(EntityStatement.java:27)
[01:33:45] [Thread-10/WARN]: 	at CoreProtect-22.4.jar//net.coreprotect.database.logger.EntityKillLogger.log(EntityKillLogger.java:49)
[01:33:45] [Thread-10/WARN]: 	at CoreProtect-22.4.jar//net.coreprotect.consumer.process.EntityKillProcess.process(EntityKillProcess.java:24)
[01:33:45] [Thread-10/WARN]: 	at CoreProtect-22.4.jar//net.coreprotect.consumer.process.Process.processConsumer(Process.java:205)
[01:33:45] [Thread-10/WARN]: 	at CoreProtect-22.4.jar//net.coreprotect.consumer.Consumer.run(Consumer.java:133)
[01:33:45] [Thread-10/WARN]: 	at java.base/java.lang.Thread.run(Thread.java:1583)
[01:33:45] [Thread-10/WARN]: java.lang.NullPointerException: Cannot invoke "java.sql.ResultSet.next()" because "resultSet" is null
[01:33:45] [Thread-10/WARN]: 	at CoreProtect-22.4.jar//net.coreprotect.database.logger.EntityKillLogger.log(EntityKillLogger.java:51)
[01:33:45] [Thread-10/WARN]: 	at CoreProtect-22.4.jar//net.coreprotect.consumer.process.EntityKillProcess.process(EntityKillProcess.java:24)
[01:33:45] [Thread-10/WARN]: 	at CoreProtect-22.4.jar//net.coreprotect.consumer.process.Process.processConsumer(Process.java:205)
[01:33:45] [Thread-10/WARN]: 	at CoreProtect-22.4.jar//net.coreprotect.consumer.Consumer.run(Consumer.java:133)
[01:33:45] [Thread-10/WARN]: 	at java.base/java.lang.Thread.run(Thread.java:1583)
[01:35:59] [Server thread/INFO]: MiffMoff issued server command: /tp MiffMoff 304 81 144
[01:35:59] [Server thread/INFO]: [MiffMoff: Teleported MiffMoff to 304.500000, 81.000000, 144.500000]
[01:36:23] [Server thread/INFO]: MiffMoff issued server command: /gamemode creative
[01:36:23] [Server thread/INFO]: [MiffMoff: Set own game mode to Creative Mode]
[01:36:41] [Server thread/INFO]: MiffMoff lost connection: Disconnected
[01:36:41] [Server thread/INFO]: MiffMoff left the game
[01:37:29] [Server thread/INFO]: Stopping server
[01:37:29] [Server thread/INFO]: [Geyser-Spigot] Disabling Geyser-Spigot v2.7.1-SNAPSHOT
[01:37:29] [Server thread/INFO]: [Geyser-Spigot] Shutting down Geyser.
[01:37:29] [Server thread/INFO]: [Geyser-Spigot] Geyser shutdown successfully.
[01:37:29] [Server thread/INFO]: [squaremap] Disabling squaremap v1.3.6
[01:37:29] [Server thread/INFO]: [io.undertow] stopping server: Undertow - 2.3.18.Final
[01:37:29] [Server thread/INFO]: [squaremap] Internal webserver stopped
[01:37:29] [Server thread/INFO]: [Plan] Disabling Plan v5.6 build 2965
[01:37:29] [Server thread/INFO]: [Plan] Processing complete.
[01:37:29] [Server thread/INFO]: [Plan] Waiting for unfinished transactions to avoid data loss..
[01:37:29] [Server thread/INFO]: [Plan] Transaction queue closed.
[01:37:29] [Server thread/INFO]: [Plan] Waiting queries to finish to avoid SQLite crashing JVM..
[01:37:29] [Server thread/INFO]: [Plan] Closed SQLite connection.
[01:37:29] [Server thread/INFO]: [Plan] Player Analytics Disabled.
[01:37:29] [Server thread/INFO]: [SkinsRestorer] Disabling SkinsRestorer v15.6.3
[01:37:29] [Server thread/INFO]: [CoreProtect] Disabling CoreProtect v22.4
[01:37:29] [Server thread/INFO]: [CoreProtect] Finishing up data logging. Please wait...
[01:37:29] [WebSocketConnectReadThread-116/INFO]: [Geyser-Spigot] The skin uploader has been closed
[01:37:30] [Server thread/INFO]: [CoreProtect] Success! Disabled CoreProtect v22.4
[01:37:30] [Server thread/INFO]: [floodgate] Disabling floodgate v2.2.4-SNAPSHOT (b116-0e3163c)
[01:37:30] [Server thread/INFO]: Saving players
[01:37:30] [Server thread/INFO]: Saving worlds
[01:37:30] [Server thread/INFO]: Saving chunks for level 'ServerLevel[world]'/minecraft:overworld
[01:37:30] [Server thread/INFO]: [ChunkHolderManager] Waiting 60s for chunk system to halt for world 'world'
[01:37:30] [Server thread/INFO]: [ChunkHolderManager] Halted chunk system for world 'world'
[01:37:30] [Server thread/INFO]: [ChunkHolderManager] Saving all chunkholders for world 'world'
[01:37:30] [Server thread/INFO]: [ChunkHolderManager] Saved 0 block chunks, 5 entity chunks, 0 poi chunks in world 'world' in 0.01s
[01:37:30] [Server thread/INFO]: [ChunkHolderManager] Waiting 60s for chunk I/O to halt for world 'world'
[01:37:30] [Server thread/INFO]: [ChunkHolderManager] Halted I/O scheduler for world 'world'
[01:37:30] [Server thread/INFO]: Saving chunks for level 'ServerLevel[world_nether]'/minecraft:the_nether
[01:37:30] [Server thread/INFO]: [ChunkHolderManager] Waiting 60s for chunk system to halt for world 'world_nether'
[01:37:30] [Server thread/INFO]: [ChunkHolderManager] Halted chunk system for world 'world_nether'
[01:37:30] [Server thread/INFO]: [ChunkHolderManager] Saving all chunkholders for world 'world_nether'
[01:37:30] [Server thread/INFO]: [ChunkHolderManager] Saved 137 block chunks, 123 entity chunks, 0 poi chunks in world 'world_nether' in 0.26s
[01:37:30] [Server thread/INFO]: [ChunkHolderManager] Waiting 60s for chunk I/O to halt for world 'world_nether'
[01:37:30] [Server thread/INFO]: [ChunkHolderManager] Halted I/O scheduler for world 'world_nether'
[01:37:30] [Server thread/INFO]: Saving chunks for level 'ServerLevel[world_the_end]'/minecraft:the_end
[01:37:30] [Server thread/INFO]: [ChunkHolderManager] Waiting 60s for chunk system to halt for world 'world_the_end'
[01:37:30] [Server thread/INFO]: [ChunkHolderManager] Halted chunk system for world 'world_the_end'
[01:37:30] [Server thread/INFO]: [ChunkHolderManager] Saving all chunkholders for world 'world_the_end'
[01:37:30] [Server thread/INFO]: [ChunkHolderManager] Saved 0 block chunks, 10 entity chunks, 0 poi chunks in world 'world_the_end' in 0.01s
[01:37:30] [Server thread/INFO]: [ChunkHolderManager] Waiting 60s for chunk I/O to halt for world 'world_the_end'
[01:37:30] [Server thread/INFO]: [ChunkHolderManager] Halted I/O scheduler for world 'world_the_end'
[01:37:30] [Server thread/INFO]: ThreadedAnvilChunkStorage (world): All chunks are saved
[01:37:30] [Server thread/INFO]: ThreadedAnvilChunkStorage (DIM-1): All chunks are saved
[01:37:30] [Server thread/INFO]: ThreadedAnvilChunkStorage (DIM1): All chunks are saved
[01:37:30] [Server thread/INFO]: ThreadedAnvilChunkStorage: All dimensions are saved
[01:37:30] [Server thread/INFO]: Waiting for all RegionFile I/O tasks to complete...
[01:37:30] [Server thread/INFO]: All RegionFile I/O tasks to complete
[01:37:30] [Server thread/INFO]: [MoonriseCommon] Awaiting termination of worker pool for up to 60s...
[01:37:30] [Server thread/INFO]: [MoonriseCommon] Awaiting termination of I/O pool for up to 60s...
